------------------------------------------------------------------------------------------
      name:  <unnamed>
       log:  /data/uctprgu/cps/program/log_pctile.log
  log type:  text
 opened on:   2 May 2012, 16:44:06

. set more 1

. 
. local x = 1979

. 
. while `x' <= 2011 {
  2.         
.         clear
  3.         use ../cepr/cepr_org_`x'
  4.         * calculate the percentiles for hourly wage series w_ln_no  
.         statsby, by (year month) clear: _pctile w_ln_no [aweight=orgwgt], nq(100)
  5.         
.         forvalues i = 1(1)99 {
  6.                 rename r`i' p`i'
  7.                 label var p`i' "`i' pctile of hourly wage"
  8.         }
  9.         
.         gen date = year * 100 + month
 10.         gen qtr = int((month - 1) / 3) + 1
 11.         order _all, seq
 12.         order year qtr month date, first
 13.         
.         if `x' != 1979{
 14.                 append using ../result/pctile.dta
 15.         }
 16.         
.         sort year qtr month date
 17.         
.         saveold ../result/pctile.dta, replace
 18.         local x = `x' + 1
 19.         
. }
(CEPR ORG Extract, Version 1.7.0, 1979)
(running _pctile on estimation sample)

      command:  _pctile w_ln_no [aweight= orgwgt], nq(100)
           r1:  r(r1)
           r2:  r(r2)
           r3:  r(r3)
           r4:  r(r4)
           r5:  r(r5)
           r6:  r(r6)
           r7:  r(r7)
           r8:  r(r8)
           r9:  r(r9)
          r10:  r(r10)
          r11:  r(r11)
          r12:  r(r12)
          r13:  r(r13)
          r14:  r(r14)
          r15:  r(r15)
          r16:  r(r16)
          r17:  r(r17)
          r18:  r(r18)
          r19:  r(r19)
          r20:  r(r20)
          r99:  r(r99)
          r98:  r(r98)
          r97:  r(r97)
          r96:  r(r96)
          r95:  r(r95)
          r94:  r(r94)
          r93:  r(r93)
          r92:  r(r92)
          r91:  r(r91)
          r90:  r(r90)
          r89:  r(r89)
          r88:  r(r88)
          r87:  r(r87)
          r86:  r(r86)
          r85:  r(r85)
          r84:  r(r84)
          r83:  r(r83)
          r82:  r(r82)
          r81:  r(r81)
          r80:  r(r80)
          r79:  r(r79)
          r78:  r(r78)
          r77:  r(r77)
          r76:  r(r76)
          r75:  r(r75)
          r74:  r(r74)
          r73:  r(r73)
          r72:  r(r72)
          r71:  r(r71)
          r70:  r(r70)
          r69:  r(r69)
          r68:  r(r68)
          r67:  r(r67)
          r66:  r(r66)
          r65:  r(r65)
          r64:  r(r64)
          r63:  r(r63)
          r62:  r(r62)
          r61:  r(r61)
          r60:  r(r60)
          r59:  r(r59)
          r58:  r(r58)
          r57:  r(r57)
          r56:  r(r56)
          r55:  r(r55)
          r54:  r(r54)
          r53:  r(r53)
          r52:  r(r52)
          r51:  r(r51)
          r50:  r(r50)
          r49:  r(r49)
          r48:  r(r48)
          r47:  r(r47)
          r46:  r(r46)
          r45:  r(r45)
          r44:  r(r44)
          r43:  r(r43)
          r42:  r(r42)
          r41:  r(r41)
          r40:  r(r40)
          r39:  r(r39)
          r38:  r(r38)
          r37:  r(r37)
          r36:  r(r36)
          r35:  r(r35)
          r34:  r(r34)
          r33:  r(r33)
          r32:  r(r32)
          r31:  r(r31)
          r30:  r(r30)
          r29:  r(r29)
          r28:  r(r28)
          r27:  r(r27)
          r26:  r(r26)
          r25:  r(r25)
          r24:  r(r24)
          r23:  r(r23)
          r22:  r(r22)
          r21:  r(r21)
           by:  year month

Statsby groups
----+--- 1 ---+--- 2 ---+--- 3 ---+--- 4 ---+--- 5 
............
(note: file ../result/pctile.dta not found)
file ../result/pctile.dta saved
(CEPR ORG Extract, Version 1.7.0, 1980)
(running _pctile on estimation sample)

      command:  _pctile w_ln_no [aweight= orgwgt], nq(100)
           r1:  r(r1)
           r2:  r(r2)
           r3:  r(r3)
           r4:  r(r4)
           r5:  r(r5)
           r6:  r(r6)
           r7:  r(r7)
           r8:  r(r8)
           r9:  r(r9)
          r10:  r(r10)
          r11:  r(r11)
          r12:  r(r12)
          r13:  r(r13)
          r14:  r(r14)
          r15:  r(r15)
          r16:  r(r16)
          r17:  r(r17)
          r18:  r(r18)
          r19:  r(r19)
          r20:  r(r20)
          r99:  r(r99)
          r98:  r(r98)
          r97:  r(r97)
          r96:  r(r96)
          r95:  r(r95)
          r94:  r(r94)
          r93:  r(r93)
          r92:  r(r92)
          r91:  r(r91)
          r90:  r(r90)
          r89:  r(r89)
          r88:  r(r88)
          r87:  r(r87)
          r86:  r(r86)
          r85:  r(r85)
          r84:  r(r84)
          r83:  r(r83)
          r82:  r(r82)
          r81:  r(r81)
          r80:  r(r80)
          r79:  r(r79)
          r78:  r(r78)
          r77:  r(r77)
          r76:  r(r76)
          r75:  r(r75)
          r74:  r(r74)
          r73:  r(r73)
          r72:  r(r72)
          r71:  r(r71)
          r70:  r(r70)
          r69:  r(r69)
          r68:  r(r68)
          r67:  r(r67)
          r66:  r(r66)
          r65:  r(r65)
          r64:  r(r64)
          r63:  r(r63)
          r62:  r(r62)
          r61:  r(r61)
          r60:  r(r60)
          r59:  r(r59)
          r58:  r(r58)
          r57:  r(r57)
          r56:  r(r56)
          r55:  r(r55)
          r54:  r(r54)
          r53:  r(r53)
          r52:  r(r52)
          r51:  r(r51)
          r50:  r(r50)
          r49:  r(r49)
          r48:  r(r48)
          r47:  r(r47)
          r46:  r(r46)
          r45:  r(r45)
          r44:  r(r44)
          r43:  r(r43)
          r42:  r(r42)
          r41:  r(r41)
          r40:  r(r40)
          r39:  r(r39)
          r38:  r(r38)
          r37:  r(r37)
          r36:  r(r36)
          r35:  r(r35)
          r34:  r(r34)
          r33:  r(r33)
          r32:  r(r32)
          r31:  r(r31)
          r30:  r(r30)
          r29:  r(r29)
          r28:  r(r28)
          r27:  r(r27)
          r26:  r(r26)
          r25:  r(r25)
          r24:  r(r24)
          r23:  r(r23)
          r22:  r(r22)
          r21:  r(r21)
           by:  year month

Statsby groups
----+--- 1 ---+--- 2 ---+--- 3 ---+--- 4 ---+--- 5 
............
file ../result/pctile.dta saved
(CEPR ORG Extract, Version 1.7.0, 1981)
(running _pctile on estimation sample)

      command:  _pctile w_ln_no [aweight= orgwgt], nq(100)
           r1:  r(r1)
           r2:  r(r2)
           r3:  r(r3)
           r4:  r(r4)
           r5:  r(r5)
           r6:  r(r6)
           r7:  r(r7)
           r8:  r(r8)
           r9:  r(r9)
          r10:  r(r10)
          r11:  r(r11)
          r12:  r(r12)
          r13:  r(r13)
          r14:  r(r14)
          r15:  r(r15)
          r16:  r(r16)
          r17:  r(r17)
          r18:  r(r18)
          r19:  r(r19)
          r20:  r(r20)
          r99:  r(r99)
          r98:  r(r98)
          r97:  r(r97)
          r96:  r(r96)
          r95:  r(r95)
          r94:  r(r94)
          r93:  r(r93)
          r92:  r(r92)
          r91:  r(r91)
          r90:  r(r90)
          r89:  r(r89)
          r88:  r(r88)
          r87:  r(r87)
          r86:  r(r86)
          r85:  r(r85)
          r84:  r(r84)
          r83:  r(r83)
          r82:  r(r82)
          r81:  r(r81)
          r80:  r(r80)
          r79:  r(r79)
          r78:  r(r78)
          r77:  r(r77)
          r76:  r(r76)
          r75:  r(r75)
          r74:  r(r74)
          r73:  r(r73)
          r72:  r(r72)
          r71:  r(r71)
          r70:  r(r70)
          r69:  r(r69)
          r68:  r(r68)
          r67:  r(r67)
          r66:  r(r66)
          r65:  r(r65)
          r64:  r(r64)
          r63:  r(r63)
          r62:  r(r62)
          r61:  r(r61)
          r60:  r(r60)
          r59:  r(r59)
          r58:  r(r58)
          r57:  r(r57)
          r56:  r(r56)
          r55:  r(r55)
          r54:  r(r54)
          r53:  r(r53)
          r52:  r(r52)
          r51:  r(r51)
          r50:  r(r50)
          r49:  r(r49)
          r48:  r(r48)
          r47:  r(r47)
          r46:  r(r46)
          r45:  r(r45)
          r44:  r(r44)
          r43:  r(r43)
          r42:  r(r42)
          r41:  r(r41)
          r40:  r(r40)
          r39:  r(r39)
          r38:  r(r38)
          r37:  r(r37)
          r36:  r(r36)
          r35:  r(r35)
          r34:  r(r34)
          r33:  r(r33)
          r32:  r(r32)
          r31:  r(r31)
          r30:  r(r30)
          r29:  r(r29)
          r28:  r(r28)
          r27:  r(r27)
          r26:  r(r26)
          r25:  r(r25)
          r24:  r(r24)
          r23:  r(r23)
          r22:  r(r22)
          r21:  r(r21)
           by:  year month

Statsby groups
----+--- 1 ---+--- 2 ---+--- 3 ---+--- 4 ---+--- 5 
............
file ../result/pctile.dta saved
(CEPR ORG Extract, Version 1.7.0, 1982)
(running _pctile on estimation sample)

      command:  _pctile w_ln_no [aweight= orgwgt], nq(100)
           r1:  r(r1)
           r2:  r(r2)
           r3:  r(r3)
           r4:  r(r4)
           r5:  r(r5)
           r6:  r(r6)
           r7:  r(r7)
           r8:  r(r8)
           r9:  r(r9)
          r10:  r(r10)
          r11:  r(r11)
          r12:  r(r12)
          r13:  r(r13)
          r14:  r(r14)
          r15:  r(r15)
          r16:  r(r16)
          r17:  r(r17)
          r18:  r(r18)
          r19:  r(r19)
          r20:  r(r20)
          r99:  r(r99)
          r98:  r(r98)
          r97:  r(r97)
          r96:  r(r96)
          r95:  r(r95)
          r94:  r(r94)
          r93:  r(r93)
          r92:  r(r92)
          r91:  r(r91)
          r90:  r(r90)
          r89:  r(r89)
          r88:  r(r88)
          r87:  r(r87)
          r86:  r(r86)
          r85:  r(r85)
          r84:  r(r84)
          r83:  r(r83)
          r82:  r(r82)
          r81:  r(r81)
          r80:  r(r80)
          r79:  r(r79)
          r78:  r(r78)
          r77:  r(r77)
          r76:  r(r76)
          r75:  r(r75)
          r74:  r(r74)
          r73:  r(r73)
          r72:  r(r72)
          r71:  r(r71)
          r70:  r(r70)
          r69:  r(r69)
          r68:  r(r68)
          r67:  r(r67)
          r66:  r(r66)
          r65:  r(r65)
          r64:  r(r64)
          r63:  r(r63)
          r62:  r(r62)
          r61:  r(r61)
          r60:  r(r60)
          r59:  r(r59)
          r58:  r(r58)
          r57:  r(r57)
          r56:  r(r56)
          r55:  r(r55)
          r54:  r(r54)
          r53:  r(r53)
          r52:  r(r52)
          r51:  r(r51)
          r50:  r(r50)
          r49:  r(r49)
          r48:  r(r48)
          r47:  r(r47)
          r46:  r(r46)
          r45:  r(r45)
          r44:  r(r44)
          r43:  r(r43)
          r42:  r(r42)
          r41:  r(r41)
          r40:  r(r40)
          r39:  r(r39)
          r38:  r(r38)
          r37:  r(r37)
          r36:  r(r36)
          r35:  r(r35)
          r34:  r(r34)
          r33:  r(r33)
          r32:  r(r32)
          r31:  r(r31)
          r30:  r(r30)
          r29:  r(r29)
          r28:  r(r28)
          r27:  r(r27)
          r26:  r(r26)
          r25:  r(r25)
          r24:  r(r24)
          r23:  r(r23)
          r22:  r(r22)
          r21:  r(r21)
           by:  year month

Statsby groups
----+--- 1 ---+--- 2 ---+--- 3 ---+--- 4 ---+--- 5 
............
file ../result/pctile.dta saved
(CEPR ORG Extract, Version 1.7.0, 1983)
(running _pctile on estimation sample)

      command:  _pctile w_ln_no [aweight= orgwgt], nq(100)
           r1:  r(r1)
           r2:  r(r2)
           r3:  r(r3)
           r4:  r(r4)
           r5:  r(r5)
           r6:  r(r6)
           r7:  r(r7)
           r8:  r(r8)
           r9:  r(r9)
          r10:  r(r10)
          r11:  r(r11)
          r12:  r(r12)
          r13:  r(r13)
          r14:  r(r14)
          r15:  r(r15)
          r16:  r(r16)
          r17:  r(r17)
          r18:  r(r18)
          r19:  r(r19)
          r20:  r(r20)
          r99:  r(r99)
          r98:  r(r98)
          r97:  r(r97)
          r96:  r(r96)
          r95:  r(r95)
          r94:  r(r94)
          r93:  r(r93)
          r92:  r(r92)
          r91:  r(r91)
          r90:  r(r90)
          r89:  r(r89)
          r88:  r(r88)
          r87:  r(r87)
          r86:  r(r86)
          r85:  r(r85)
          r84:  r(r84)
          r83:  r(r83)
          r82:  r(r82)
          r81:  r(r81)
          r80:  r(r80)
          r79:  r(r79)
          r78:  r(r78)
          r77:  r(r77)
          r76:  r(r76)
          r75:  r(r75)
          r74:  r(r74)
          r73:  r(r73)
          r72:  r(r72)
          r71:  r(r71)
          r70:  r(r70)
          r69:  r(r69)
          r68:  r(r68)
          r67:  r(r67)
          r66:  r(r66)
          r65:  r(r65)
          r64:  r(r64)
          r63:  r(r63)
          r62:  r(r62)
          r61:  r(r61)
          r60:  r(r60)
          r59:  r(r59)
          r58:  r(r58)
          r57:  r(r57)
          r56:  r(r56)
          r55:  r(r55)
          r54:  r(r54)
          r53:  r(r53)
          r52:  r(r52)
          r51:  r(r51)
          r50:  r(r50)
          r49:  r(r49)
          r48:  r(r48)
          r47:  r(r47)
          r46:  r(r46)
          r45:  r(r45)
          r44:  r(r44)
          r43:  r(r43)
          r42:  r(r42)
          r41:  r(r41)
          r40:  r(r40)
          r39:  r(r39)
          r38:  r(r38)
          r37:  r(r37)
          r36:  r(r36)
          r35:  r(r35)
          r34:  r(r34)
          r33:  r(r33)
          r32:  r(r32)
          r31:  r(r31)
          r30:  r(r30)
          r29:  r(r29)
          r28:  r(r28)
          r27:  r(r27)
          r26:  r(r26)
          r25:  r(r25)
          r24:  r(r24)
          r23:  r(r23)
          r22:  r(r22)
          r21:  r(r21)
           by:  year month

Statsby groups
----+--- 1 ---+--- 2 ---+--- 3 ---+--- 4 ---+--- 5 
............
file ../result/pctile.dta saved
(CEPR ORG Extract, Version 1.7.0, 1984)
(running _pctile on estimation sample)

      command:  _pctile w_ln_no [aweight= orgwgt], nq(100)
           r1:  r(r1)
           r2:  r(r2)
           r3:  r(r3)
           r4:  r(r4)
           r5:  r(r5)
           r6:  r(r6)
           r7:  r(r7)
           r8:  r(r8)
           r9:  r(r9)
          r10:  r(r10)
          r11:  r(r11)
          r12:  r(r12)
          r13:  r(r13)
          r14:  r(r14)
          r15:  r(r15)
          r16:  r(r16)
          r17:  r(r17)
          r18:  r(r18)
          r19:  r(r19)
          r20:  r(r20)
          r99:  r(r99)
          r98:  r(r98)
          r97:  r(r97)
          r96:  r(r96)
          r95:  r(r95)
          r94:  r(r94)
          r93:  r(r93)
          r92:  r(r92)
          r91:  r(r91)
          r90:  r(r90)
          r89:  r(r89)
          r88:  r(r88)
          r87:  r(r87)
          r86:  r(r86)
          r85:  r(r85)
          r84:  r(r84)
          r83:  r(r83)
          r82:  r(r82)
          r81:  r(r81)
          r80:  r(r80)
          r79:  r(r79)
          r78:  r(r78)
          r77:  r(r77)
          r76:  r(r76)
          r75:  r(r75)
          r74:  r(r74)
          r73:  r(r73)
          r72:  r(r72)
          r71:  r(r71)
          r70:  r(r70)
          r69:  r(r69)
          r68:  r(r68)
          r67:  r(r67)
          r66:  r(r66)
          r65:  r(r65)
          r64:  r(r64)
          r63:  r(r63)
          r62:  r(r62)
          r61:  r(r61)
          r60:  r(r60)
          r59:  r(r59)
          r58:  r(r58)
          r57:  r(r57)
          r56:  r(r56)
          r55:  r(r55)
          r54:  r(r54)
          r53:  r(r53)
          r52:  r(r52)
          r51:  r(r51)
          r50:  r(r50)
          r49:  r(r49)
          r48:  r(r48)
          r47:  r(r47)
          r46:  r(r46)
          r45:  r(r45)
          r44:  r(r44)
          r43:  r(r43)
          r42:  r(r42)
          r41:  r(r41)
          r40:  r(r40)
          r39:  r(r39)
          r38:  r(r38)
          r37:  r(r37)
          r36:  r(r36)
          r35:  r(r35)
          r34:  r(r34)
          r33:  r(r33)
          r32:  r(r32)
          r31:  r(r31)
          r30:  r(r30)
          r29:  r(r29)
          r28:  r(r28)
          r27:  r(r27)
          r26:  r(r26)
          r25:  r(r25)
          r24:  r(r24)
          r23:  r(r23)
          r22:  r(r22)
          r21:  r(r21)
           by:  year month

Statsby groups
----+--- 1 ---+--- 2 ---+--- 3 ---+--- 4 ---+--- 5 
............
file ../result/pctile.dta saved
(CEPR ORG Extract, Version 1.7.0, 1985)
(running _pctile on estimation sample)

      command:  _pctile w_ln_no [aweight= orgwgt], nq(100)
           r1:  r(r1)
           r2:  r(r2)
           r3:  r(r3)
           r4:  r(r4)
           r5:  r(r5)
           r6:  r(r6)
           r7:  r(r7)
           r8:  r(r8)
           r9:  r(r9)
          r10:  r(r10)
          r11:  r(r11)
          r12:  r(r12)
          r13:  r(r13)
          r14:  r(r14)
          r15:  r(r15)
          r16:  r(r16)
          r17:  r(r17)
          r18:  r(r18)
          r19:  r(r19)
          r20:  r(r20)
          r99:  r(r99)
          r98:  r(r98)
          r97:  r(r97)
          r96:  r(r96)
          r95:  r(r95)
          r94:  r(r94)
          r93:  r(r93)
          r92:  r(r92)
          r91:  r(r91)
          r90:  r(r90)
          r89:  r(r89)
          r88:  r(r88)
          r87:  r(r87)
          r86:  r(r86)
          r85:  r(r85)
          r84:  r(r84)
          r83:  r(r83)
          r82:  r(r82)
          r81:  r(r81)
          r80:  r(r80)
          r79:  r(r79)
          r78:  r(r78)
          r77:  r(r77)
          r76:  r(r76)
          r75:  r(r75)
          r74:  r(r74)
          r73:  r(r73)
          r72:  r(r72)
          r71:  r(r71)
          r70:  r(r70)
          r69:  r(r69)
          r68:  r(r68)
          r67:  r(r67)
          r66:  r(r66)
          r65:  r(r65)
          r64:  r(r64)
          r63:  r(r63)
          r62:  r(r62)
          r61:  r(r61)
          r60:  r(r60)
          r59:  r(r59)
          r58:  r(r58)
          r57:  r(r57)
          r56:  r(r56)
          r55:  r(r55)
          r54:  r(r54)
          r53:  r(r53)
          r52:  r(r52)
          r51:  r(r51)
          r50:  r(r50)
          r49:  r(r49)
          r48:  r(r48)
          r47:  r(r47)
          r46:  r(r46)
          r45:  r(r45)
          r44:  r(r44)
          r43:  r(r43)
          r42:  r(r42)
          r41:  r(r41)
          r40:  r(r40)
          r39:  r(r39)
          r38:  r(r38)
          r37:  r(r37)
          r36:  r(r36)
          r35:  r(r35)
          r34:  r(r34)
          r33:  r(r33)
          r32:  r(r32)
          r31:  r(r31)
          r30:  r(r30)
          r29:  r(r29)
          r28:  r(r28)
          r27:  r(r27)
          r26:  r(r26)
          r25:  r(r25)
          r24:  r(r24)
          r23:  r(r23)
          r22:  r(r22)
          r21:  r(r21)
           by:  year month

Statsby groups
----+--- 1 ---+--- 2 ---+--- 3 ---+--- 4 ---+--- 5 
............
file ../result/pctile.dta saved
(CEPR ORG Extract, Version 1.7.0, 1986)
(running _pctile on estimation sample)

      command:  _pctile w_ln_no [aweight= orgwgt], nq(100)
           r1:  r(r1)
           r2:  r(r2)
           r3:  r(r3)
           r4:  r(r4)
           r5:  r(r5)
           r6:  r(r6)
           r7:  r(r7)
           r8:  r(r8)
           r9:  r(r9)
          r10:  r(r10)
          r11:  r(r11)
          r12:  r(r12)
          r13:  r(r13)
          r14:  r(r14)
          r15:  r(r15)
          r16:  r(r16)
          r17:  r(r17)
          r18:  r(r18)
          r19:  r(r19)
          r20:  r(r20)
          r99:  r(r99)
          r98:  r(r98)
          r97:  r(r97)
          r96:  r(r96)
          r95:  r(r95)
          r94:  r(r94)
          r93:  r(r93)
          r92:  r(r92)
          r91:  r(r91)
          r90:  r(r90)
          r89:  r(r89)
          r88:  r(r88)
          r87:  r(r87)
          r86:  r(r86)
          r85:  r(r85)
          r84:  r(r84)
          r83:  r(r83)
          r82:  r(r82)
          r81:  r(r81)
          r80:  r(r80)
          r79:  r(r79)
          r78:  r(r78)
          r77:  r(r77)
          r76:  r(r76)
          r75:  r(r75)
          r74:  r(r74)
          r73:  r(r73)
          r72:  r(r72)
          r71:  r(r71)
          r70:  r(r70)
          r69:  r(r69)
          r68:  r(r68)
          r67:  r(r67)
          r66:  r(r66)
          r65:  r(r65)
          r64:  r(r64)
          r63:  r(r63)
          r62:  r(r62)
          r61:  r(r61)
          r60:  r(r60)
          r59:  r(r59)
          r58:  r(r58)
          r57:  r(r57)
          r56:  r(r56)
          r55:  r(r55)
          r54:  r(r54)
          r53:  r(r53)
          r52:  r(r52)
          r51:  r(r51)
          r50:  r(r50)
          r49:  r(r49)
          r48:  r(r48)
          r47:  r(r47)
          r46:  r(r46)
          r45:  r(r45)
          r44:  r(r44)
          r43:  r(r43)
          r42:  r(r42)
          r41:  r(r41)
          r40:  r(r40)
          r39:  r(r39)
          r38:  r(r38)
          r37:  r(r37)
          r36:  r(r36)
          r35:  r(r35)
          r34:  r(r34)
          r33:  r(r33)
          r32:  r(r32)
          r31:  r(r31)
          r30:  r(r30)
          r29:  r(r29)
          r28:  r(r28)
          r27:  r(r27)
          r26:  r(r26)
          r25:  r(r25)
          r24:  r(r24)
          r23:  r(r23)
          r22:  r(r22)
          r21:  r(r21)
           by:  year month

Statsby groups
----+--- 1 ---+--- 2 ---+--- 3 ---+--- 4 ---+--- 5 
............
file ../result/pctile.dta saved
(CEPR ORG Extract, Version 1.7.0, 1987)
(running _pctile on estimation sample)

      command:  _pctile w_ln_no [aweight= orgwgt], nq(100)
           r1:  r(r1)
           r2:  r(r2)
           r3:  r(r3)
           r4:  r(r4)
           r5:  r(r5)
           r6:  r(r6)
           r7:  r(r7)
           r8:  r(r8)
           r9:  r(r9)
          r10:  r(r10)
          r11:  r(r11)
          r12:  r(r12)
          r13:  r(r13)
          r14:  r(r14)
          r15:  r(r15)
          r16:  r(r16)
          r17:  r(r17)
          r18:  r(r18)
          r19:  r(r19)
          r20:  r(r20)
          r99:  r(r99)
          r98:  r(r98)
          r97:  r(r97)
          r96:  r(r96)
          r95:  r(r95)
          r94:  r(r94)
          r93:  r(r93)
          r92:  r(r92)
          r91:  r(r91)
          r90:  r(r90)
          r89:  r(r89)
          r88:  r(r88)
          r87:  r(r87)
          r86:  r(r86)
          r85:  r(r85)
          r84:  r(r84)
          r83:  r(r83)
          r82:  r(r82)
          r81:  r(r81)
          r80:  r(r80)
          r79:  r(r79)
          r78:  r(r78)
          r77:  r(r77)
          r76:  r(r76)
          r75:  r(r75)
          r74:  r(r74)
          r73:  r(r73)
          r72:  r(r72)
          r71:  r(r71)
          r70:  r(r70)
          r69:  r(r69)
          r68:  r(r68)
          r67:  r(r67)
          r66:  r(r66)
          r65:  r(r65)
          r64:  r(r64)
          r63:  r(r63)
          r62:  r(r62)
          r61:  r(r61)
          r60:  r(r60)
          r59:  r(r59)
          r58:  r(r58)
          r57:  r(r57)
          r56:  r(r56)
          r55:  r(r55)
          r54:  r(r54)
          r53:  r(r53)
          r52:  r(r52)
          r51:  r(r51)
          r50:  r(r50)
          r49:  r(r49)
          r48:  r(r48)
          r47:  r(r47)
          r46:  r(r46)
          r45:  r(r45)
          r44:  r(r44)
          r43:  r(r43)
          r42:  r(r42)
          r41:  r(r41)
          r40:  r(r40)
          r39:  r(r39)
          r38:  r(r38)
          r37:  r(r37)
          r36:  r(r36)
          r35:  r(r35)
          r34:  r(r34)
          r33:  r(r33)
          r32:  r(r32)
          r31:  r(r31)
          r30:  r(r30)
          r29:  r(r29)
          r28:  r(r28)
          r27:  r(r27)
          r26:  r(r26)
          r25:  r(r25)
          r24:  r(r24)
          r23:  r(r23)
          r22:  r(r22)
          r21:  r(r21)
           by:  year month

Statsby groups
----+--- 1 ---+--- 2 ---+--- 3 ---+--- 4 ---+--- 5 
............
file ../result/pctile.dta saved
(CEPR ORG Extract, Version 1.7.0, 1988)
(running _pctile on estimation sample)

      command:  _pctile w_ln_no [aweight= orgwgt], nq(100)
           r1:  r(r1)
           r2:  r(r2)
           r3:  r(r3)
           r4:  r(r4)
           r5:  r(r5)
           r6:  r(r6)
           r7:  r(r7)
           r8:  r(r8)
           r9:  r(r9)
          r10:  r(r10)
          r11:  r(r11)
          r12:  r(r12)
          r13:  r(r13)
          r14:  r(r14)
          r15:  r(r15)
          r16:  r(r16)
          r17:  r(r17)
          r18:  r(r18)
          r19:  r(r19)
          r20:  r(r20)
          r99:  r(r99)
          r98:  r(r98)
          r97:  r(r97)
          r96:  r(r96)
          r95:  r(r95)
          r94:  r(r94)
          r93:  r(r93)
          r92:  r(r92)
          r91:  r(r91)
          r90:  r(r90)
          r89:  r(r89)
          r88:  r(r88)
          r87:  r(r87)
          r86:  r(r86)
          r85:  r(r85)
          r84:  r(r84)
          r83:  r(r83)
          r82:  r(r82)
          r81:  r(r81)
          r80:  r(r80)
          r79:  r(r79)
          r78:  r(r78)
          r77:  r(r77)
          r76:  r(r76)
          r75:  r(r75)
          r74:  r(r74)
          r73:  r(r73)
          r72:  r(r72)
          r71:  r(r71)
          r70:  r(r70)
          r69:  r(r69)
          r68:  r(r68)
          r67:  r(r67)
          r66:  r(r66)
          r65:  r(r65)
          r64:  r(r64)
          r63:  r(r63)
          r62:  r(r62)
          r61:  r(r61)
          r60:  r(r60)
          r59:  r(r59)
          r58:  r(r58)
          r57:  r(r57)
          r56:  r(r56)
          r55:  r(r55)
          r54:  r(r54)
          r53:  r(r53)
          r52:  r(r52)
          r51:  r(r51)
          r50:  r(r50)
          r49:  r(r49)
          r48:  r(r48)
          r47:  r(r47)
          r46:  r(r46)
          r45:  r(r45)
          r44:  r(r44)
          r43:  r(r43)
          r42:  r(r42)
          r41:  r(r41)
          r40:  r(r40)
          r39:  r(r39)
          r38:  r(r38)
          r37:  r(r37)
          r36:  r(r36)
          r35:  r(r35)
          r34:  r(r34)
          r33:  r(r33)
          r32:  r(r32)
          r31:  r(r31)
          r30:  r(r30)
          r29:  r(r29)
          r28:  r(r28)
          r27:  r(r27)
          r26:  r(r26)
          r25:  r(r25)
          r24:  r(r24)
          r23:  r(r23)
          r22:  r(r22)
          r21:  r(r21)
           by:  year month

Statsby groups
----+--- 1 ---+--- 2 ---+--- 3 ---+--- 4 ---+--- 5 
............
file ../result/pctile.dta saved
(CEPR ORG Extract, Version 1.7.0, 1989)
(running _pctile on estimation sample)

      command:  _pctile w_ln_no [aweight= orgwgt], nq(100)
           r1:  r(r1)
           r2:  r(r2)
           r3:  r(r3)
           r4:  r(r4)
           r5:  r(r5)
           r6:  r(r6)
           r7:  r(r7)
           r8:  r(r8)
           r9:  r(r9)
          r10:  r(r10)
          r11:  r(r11)
          r12:  r(r12)
          r13:  r(r13)
          r14:  r(r14)
          r15:  r(r15)
          r16:  r(r16)
          r17:  r(r17)
          r18:  r(r18)
          r19:  r(r19)
          r20:  r(r20)
          r99:  r(r99)
          r98:  r(r98)
          r97:  r(r97)
          r96:  r(r96)
          r95:  r(r95)
          r94:  r(r94)
          r93:  r(r93)
          r92:  r(r92)
          r91:  r(r91)
          r90:  r(r90)
          r89:  r(r89)
          r88:  r(r88)
          r87:  r(r87)
          r86:  r(r86)
          r85:  r(r85)
          r84:  r(r84)
          r83:  r(r83)
          r82:  r(r82)
          r81:  r(r81)
          r80:  r(r80)
          r79:  r(r79)
          r78:  r(r78)
          r77:  r(r77)
          r76:  r(r76)
          r75:  r(r75)
          r74:  r(r74)
          r73:  r(r73)
          r72:  r(r72)
          r71:  r(r71)
          r70:  r(r70)
          r69:  r(r69)
          r68:  r(r68)
          r67:  r(r67)
          r66:  r(r66)
          r65:  r(r65)
          r64:  r(r64)
          r63:  r(r63)
          r62:  r(r62)
          r61:  r(r61)
          r60:  r(r60)
          r59:  r(r59)
          r58:  r(r58)
          r57:  r(r57)
          r56:  r(r56)
          r55:  r(r55)
          r54:  r(r54)
          r53:  r(r53)
          r52:  r(r52)
          r51:  r(r51)
          r50:  r(r50)
          r49:  r(r49)
          r48:  r(r48)
          r47:  r(r47)
          r46:  r(r46)
          r45:  r(r45)
          r44:  r(r44)
          r43:  r(r43)
          r42:  r(r42)
          r41:  r(r41)
          r40:  r(r40)
          r39:  r(r39)
          r38:  r(r38)
          r37:  r(r37)
          r36:  r(r36)
          r35:  r(r35)
          r34:  r(r34)
          r33:  r(r33)
          r32:  r(r32)
          r31:  r(r31)
          r30:  r(r30)
          r29:  r(r29)
          r28:  r(r28)
          r27:  r(r27)
          r26:  r(r26)
          r25:  r(r25)
          r24:  r(r24)
          r23:  r(r23)
          r22:  r(r22)
          r21:  r(r21)
           by:  year month

Statsby groups
----+--- 1 ---+--- 2 ---+--- 3 ---+--- 4 ---+--- 5 
............
file ../result/pctile.dta saved
(CEPR ORG Extract, Version 1.7.0, 1990)
(running _pctile on estimation sample)

      command:  _pctile w_ln_no [aweight= orgwgt], nq(100)
           r1:  r(r1)
           r2:  r(r2)
           r3:  r(r3)
           r4:  r(r4)
           r5:  r(r5)
           r6:  r(r6)
           r7:  r(r7)
           r8:  r(r8)
           r9:  r(r9)
          r10:  r(r10)
          r11:  r(r11)
          r12:  r(r12)
          r13:  r(r13)
          r14:  r(r14)
          r15:  r(r15)
          r16:  r(r16)
          r17:  r(r17)
          r18:  r(r18)
          r19:  r(r19)
          r20:  r(r20)
          r99:  r(r99)
          r98:  r(r98)
          r97:  r(r97)
          r96:  r(r96)
          r95:  r(r95)
          r94:  r(r94)
          r93:  r(r93)
          r92:  r(r92)
          r91:  r(r91)
          r90:  r(r90)
          r89:  r(r89)
          r88:  r(r88)
          r87:  r(r87)
          r86:  r(r86)
          r85:  r(r85)
          r84:  r(r84)
          r83:  r(r83)
          r82:  r(r82)
          r81:  r(r81)
          r80:  r(r80)
          r79:  r(r79)
          r78:  r(r78)
          r77:  r(r77)
          r76:  r(r76)
          r75:  r(r75)
          r74:  r(r74)
          r73:  r(r73)
          r72:  r(r72)
          r71:  r(r71)
          r70:  r(r70)
          r69:  r(r69)
          r68:  r(r68)
          r67:  r(r67)
          r66:  r(r66)
          r65:  r(r65)
          r64:  r(r64)
          r63:  r(r63)
          r62:  r(r62)
          r61:  r(r61)
          r60:  r(r60)
          r59:  r(r59)
          r58:  r(r58)
          r57:  r(r57)
          r56:  r(r56)
          r55:  r(r55)
          r54:  r(r54)
          r53:  r(r53)
          r52:  r(r52)
          r51:  r(r51)
          r50:  r(r50)
          r49:  r(r49)
          r48:  r(r48)
          r47:  r(r47)
          r46:  r(r46)
          r45:  r(r45)
          r44:  r(r44)
          r43:  r(r43)
          r42:  r(r42)
          r41:  r(r41)
          r40:  r(r40)
          r39:  r(r39)
          r38:  r(r38)
          r37:  r(r37)
          r36:  r(r36)
          r35:  r(r35)
          r34:  r(r34)
          r33:  r(r33)
          r32:  r(r32)
          r31:  r(r31)
          r30:  r(r30)
          r29:  r(r29)
          r28:  r(r28)
          r27:  r(r27)
          r26:  r(r26)
          r25:  r(r25)
          r24:  r(r24)
          r23:  r(r23)
          r22:  r(r22)
          r21:  r(r21)
           by:  year month

Statsby groups
----+--- 1 ---+--- 2 ---+--- 3 ---+--- 4 ---+--- 5 
............
file ../result/pctile.dta saved
(CEPR ORG Extract, Version 1.7.0, 1991)
(running _pctile on estimation sample)

      command:  _pctile w_ln_no [aweight= orgwgt], nq(100)
           r1:  r(r1)
           r2:  r(r2)
           r3:  r(r3)
           r4:  r(r4)
           r5:  r(r5)
           r6:  r(r6)
           r7:  r(r7)
           r8:  r(r8)
           r9:  r(r9)
          r10:  r(r10)
          r11:  r(r11)
          r12:  r(r12)
          r13:  r(r13)
          r14:  r(r14)
          r15:  r(r15)
          r16:  r(r16)
          r17:  r(r17)
          r18:  r(r18)
          r19:  r(r19)
          r20:  r(r20)
          r99:  r(r99)
          r98:  r(r98)
          r97:  r(r97)
          r96:  r(r96)
          r95:  r(r95)
          r94:  r(r94)
          r93:  r(r93)
          r92:  r(r92)
          r91:  r(r91)
          r90:  r(r90)
          r89:  r(r89)
          r88:  r(r88)
          r87:  r(r87)
          r86:  r(r86)
          r85:  r(r85)
          r84:  r(r84)
          r83:  r(r83)
          r82:  r(r82)
          r81:  r(r81)
          r80:  r(r80)
          r79:  r(r79)
          r78:  r(r78)
          r77:  r(r77)
          r76:  r(r76)
          r75:  r(r75)
          r74:  r(r74)
          r73:  r(r73)
          r72:  r(r72)
          r71:  r(r71)
          r70:  r(r70)
          r69:  r(r69)
          r68:  r(r68)
          r67:  r(r67)
          r66:  r(r66)
          r65:  r(r65)
          r64:  r(r64)
          r63:  r(r63)
          r62:  r(r62)
          r61:  r(r61)
          r60:  r(r60)
          r59:  r(r59)
          r58:  r(r58)
          r57:  r(r57)
          r56:  r(r56)
          r55:  r(r55)
          r54:  r(r54)
          r53:  r(r53)
          r52:  r(r52)
          r51:  r(r51)
          r50:  r(r50)
          r49:  r(r49)
          r48:  r(r48)
          r47:  r(r47)
          r46:  r(r46)
          r45:  r(r45)
          r44:  r(r44)
          r43:  r(r43)
          r42:  r(r42)
          r41:  r(r41)
          r40:  r(r40)
          r39:  r(r39)
          r38:  r(r38)
          r37:  r(r37)
          r36:  r(r36)
          r35:  r(r35)
          r34:  r(r34)
          r33:  r(r33)
          r32:  r(r32)
          r31:  r(r31)
          r30:  r(r30)
          r29:  r(r29)
          r28:  r(r28)
          r27:  r(r27)
          r26:  r(r26)
          r25:  r(r25)
          r24:  r(r24)
          r23:  r(r23)
          r22:  r(r22)
          r21:  r(r21)
           by:  year month

Statsby groups
----+--- 1 ---+--- 2 ---+--- 3 ---+--- 4 ---+--- 5 
............
file ../result/pctile.dta saved
(CEPR ORG Extract, Version 1.7.0, 1992)
(running _pctile on estimation sample)

      command:  _pctile w_ln_no [aweight= orgwgt], nq(100)
           r1:  r(r1)
           r2:  r(r2)
           r3:  r(r3)
           r4:  r(r4)
           r5:  r(r5)
           r6:  r(r6)
           r7:  r(r7)
           r8:  r(r8)
           r9:  r(r9)
          r10:  r(r10)
          r11:  r(r11)
          r12:  r(r12)
          r13:  r(r13)
          r14:  r(r14)
          r15:  r(r15)
          r16:  r(r16)
          r17:  r(r17)
          r18:  r(r18)
          r19:  r(r19)
          r20:  r(r20)
          r99:  r(r99)
          r98:  r(r98)
          r97:  r(r97)
          r96:  r(r96)
          r95:  r(r95)
          r94:  r(r94)
          r93:  r(r93)
          r92:  r(r92)
          r91:  r(r91)
          r90:  r(r90)
          r89:  r(r89)
          r88:  r(r88)
          r87:  r(r87)
          r86:  r(r86)
          r85:  r(r85)
          r84:  r(r84)
          r83:  r(r83)
          r82:  r(r82)
          r81:  r(r81)
          r80:  r(r80)
          r79:  r(r79)
          r78:  r(r78)
          r77:  r(r77)
          r76:  r(r76)
          r75:  r(r75)
          r74:  r(r74)
          r73:  r(r73)
          r72:  r(r72)
          r71:  r(r71)
          r70:  r(r70)
          r69:  r(r69)
          r68:  r(r68)
          r67:  r(r67)
          r66:  r(r66)
          r65:  r(r65)
          r64:  r(r64)
          r63:  r(r63)
          r62:  r(r62)
          r61:  r(r61)
          r60:  r(r60)
          r59:  r(r59)
          r58:  r(r58)
          r57:  r(r57)
          r56:  r(r56)
          r55:  r(r55)
          r54:  r(r54)
          r53:  r(r53)
          r52:  r(r52)
          r51:  r(r51)
          r50:  r(r50)
          r49:  r(r49)
          r48:  r(r48)
          r47:  r(r47)
          r46:  r(r46)
          r45:  r(r45)
          r44:  r(r44)
          r43:  r(r43)
          r42:  r(r42)
          r41:  r(r41)
          r40:  r(r40)
          r39:  r(r39)
          r38:  r(r38)
          r37:  r(r37)
          r36:  r(r36)
          r35:  r(r35)
          r34:  r(r34)
          r33:  r(r33)
          r32:  r(r32)
          r31:  r(r31)
          r30:  r(r30)
          r29:  r(r29)
          r28:  r(r28)
          r27:  r(r27)
          r26:  r(r26)
          r25:  r(r25)
          r24:  r(r24)
          r23:  r(r23)
          r22:  r(r22)
          r21:  r(r21)
           by:  year month

Statsby groups
----+--- 1 ---+--- 2 ---+--- 3 ---+--- 4 ---+--- 5 
............
file ../result/pctile.dta saved
(CEPR ORG Extract, Version 1.7.0, 1993)
(running _pctile on estimation sample)

      command:  _pctile w_ln_no [aweight= orgwgt], nq(100)
           r1:  r(r1)
           r2:  r(r2)
           r3:  r(r3)
           r4:  r(r4)
           r5:  r(r5)
           r6:  r(r6)
           r7:  r(r7)
           r8:  r(r8)
           r9:  r(r9)
          r10:  r(r10)
          r11:  r(r11)
          r12:  r(r12)
          r13:  r(r13)
          r14:  r(r14)
          r15:  r(r15)
          r16:  r(r16)
          r17:  r(r17)
          r18:  r(r18)
          r19:  r(r19)
          r20:  r(r20)
          r99:  r(r99)
          r98:  r(r98)
          r97:  r(r97)
          r96:  r(r96)
          r95:  r(r95)
          r94:  r(r94)
          r93:  r(r93)
          r92:  r(r92)
          r91:  r(r91)
          r90:  r(r90)
          r89:  r(r89)
          r88:  r(r88)
          r87:  r(r87)
          r86:  r(r86)
          r85:  r(r85)
          r84:  r(r84)
          r83:  r(r83)
          r82:  r(r82)
          r81:  r(r81)
          r80:  r(r80)
          r79:  r(r79)
          r78:  r(r78)
          r77:  r(r77)
          r76:  r(r76)
          r75:  r(r75)
          r74:  r(r74)
          r73:  r(r73)
          r72:  r(r72)
          r71:  r(r71)
          r70:  r(r70)
          r69:  r(r69)
          r68:  r(r68)
          r67:  r(r67)
          r66:  r(r66)
          r65:  r(r65)
          r64:  r(r64)
          r63:  r(r63)
          r62:  r(r62)
          r61:  r(r61)
          r60:  r(r60)
          r59:  r(r59)
          r58:  r(r58)
          r57:  r(r57)
          r56:  r(r56)
          r55:  r(r55)
          r54:  r(r54)
          r53:  r(r53)
          r52:  r(r52)
          r51:  r(r51)
          r50:  r(r50)
          r49:  r(r49)
          r48:  r(r48)
          r47:  r(r47)
          r46:  r(r46)
          r45:  r(r45)
          r44:  r(r44)
          r43:  r(r43)
          r42:  r(r42)
          r41:  r(r41)
          r40:  r(r40)
          r39:  r(r39)
          r38:  r(r38)
          r37:  r(r37)
          r36:  r(r36)
          r35:  r(r35)
          r34:  r(r34)
          r33:  r(r33)
          r32:  r(r32)
          r31:  r(r31)
          r30:  r(r30)
          r29:  r(r29)
          r28:  r(r28)
          r27:  r(r27)
          r26:  r(r26)
          r25:  r(r25)
          r24:  r(r24)
          r23:  r(r23)
          r22:  r(r22)
          r21:  r(r21)
           by:  year month

Statsby groups
----+--- 1 ---+--- 2 ---+--- 3 ---+--- 4 ---+--- 5 
............
file ../result/pctile.dta saved
(CEPR ORG Extract, Version 1.7.0, 1994)
(running _pctile on estimation sample)

      command:  _pctile w_ln_no [aweight= orgwgt], nq(100)
           r1:  r(r1)
           r2:  r(r2)
           r3:  r(r3)
           r4:  r(r4)
           r5:  r(r5)
           r6:  r(r6)
           r7:  r(r7)
           r8:  r(r8)
           r9:  r(r9)
          r10:  r(r10)
          r11:  r(r11)
          r12:  r(r12)
          r13:  r(r13)
          r14:  r(r14)
          r15:  r(r15)
          r16:  r(r16)
          r17:  r(r17)
          r18:  r(r18)
          r19:  r(r19)
          r20:  r(r20)
          r99:  r(r99)
          r98:  r(r98)
          r97:  r(r97)
          r96:  r(r96)
          r95:  r(r95)
          r94:  r(r94)
          r93:  r(r93)
          r92:  r(r92)
          r91:  r(r91)
          r90:  r(r90)
          r89:  r(r89)
          r88:  r(r88)
          r87:  r(r87)
          r86:  r(r86)
          r85:  r(r85)
          r84:  r(r84)
          r83:  r(r83)
          r82:  r(r82)
          r81:  r(r81)
          r80:  r(r80)
          r79:  r(r79)
          r78:  r(r78)
          r77:  r(r77)
          r76:  r(r76)
          r75:  r(r75)
          r74:  r(r74)
          r73:  r(r73)
          r72:  r(r72)
          r71:  r(r71)
          r70:  r(r70)
          r69:  r(r69)
          r68:  r(r68)
          r67:  r(r67)
          r66:  r(r66)
          r65:  r(r65)
          r64:  r(r64)
          r63:  r(r63)
          r62:  r(r62)
          r61:  r(r61)
          r60:  r(r60)
          r59:  r(r59)
          r58:  r(r58)
          r57:  r(r57)
          r56:  r(r56)
          r55:  r(r55)
          r54:  r(r54)
          r53:  r(r53)
          r52:  r(r52)
          r51:  r(r51)
          r50:  r(r50)
          r49:  r(r49)
          r48:  r(r48)
          r47:  r(r47)
          r46:  r(r46)
          r45:  r(r45)
          r44:  r(r44)
          r43:  r(r43)
          r42:  r(r42)
          r41:  r(r41)
          r40:  r(r40)
          r39:  r(r39)
          r38:  r(r38)
          r37:  r(r37)
          r36:  r(r36)
          r35:  r(r35)
          r34:  r(r34)
          r33:  r(r33)
          r32:  r(r32)
          r31:  r(r31)
          r30:  r(r30)
          r29:  r(r29)
          r28:  r(r28)
          r27:  r(r27)
          r26:  r(r26)
          r25:  r(r25)
          r24:  r(r24)
          r23:  r(r23)
          r22:  r(r22)
          r21:  r(r21)
           by:  year month

Statsby groups
----+--- 1 ---+--- 2 ---+--- 3 ---+--- 4 ---+--- 5 
............
file ../result/pctile.dta saved
(CEPR ORG Extract, Version 1.7.0, 1995)
(running _pctile on estimation sample)

      command:  _pctile w_ln_no [aweight= orgwgt], nq(100)
           r1:  r(r1)
           r2:  r(r2)
           r3:  r(r3)
           r4:  r(r4)
           r5:  r(r5)
           r6:  r(r6)
           r7:  r(r7)
           r8:  r(r8)
           r9:  r(r9)
          r10:  r(r10)
          r11:  r(r11)
          r12:  r(r12)
          r13:  r(r13)
          r14:  r(r14)
          r15:  r(r15)
          r16:  r(r16)
          r17:  r(r17)
          r18:  r(r18)
          r19:  r(r19)
          r20:  r(r20)
          r99:  r(r99)
          r98:  r(r98)
          r97:  r(r97)
          r96:  r(r96)
          r95:  r(r95)
          r94:  r(r94)
          r93:  r(r93)
          r92:  r(r92)
          r91:  r(r91)
          r90:  r(r90)
          r89:  r(r89)
          r88:  r(r88)
          r87:  r(r87)
          r86:  r(r86)
          r85:  r(r85)
          r84:  r(r84)
          r83:  r(r83)
          r82:  r(r82)
          r81:  r(r81)
          r80:  r(r80)
          r79:  r(r79)
          r78:  r(r78)
          r77:  r(r77)
          r76:  r(r76)
          r75:  r(r75)
          r74:  r(r74)
          r73:  r(r73)
          r72:  r(r72)
          r71:  r(r71)
          r70:  r(r70)
          r69:  r(r69)
          r68:  r(r68)
          r67:  r(r67)
          r66:  r(r66)
          r65:  r(r65)
          r64:  r(r64)
          r63:  r(r63)
          r62:  r(r62)
          r61:  r(r61)
          r60:  r(r60)
          r59:  r(r59)
          r58:  r(r58)
          r57:  r(r57)
          r56:  r(r56)
          r55:  r(r55)
          r54:  r(r54)
          r53:  r(r53)
          r52:  r(r52)
          r51:  r(r51)
          r50:  r(r50)
          r49:  r(r49)
          r48:  r(r48)
          r47:  r(r47)
          r46:  r(r46)
          r45:  r(r45)
          r44:  r(r44)
          r43:  r(r43)
          r42:  r(r42)
          r41:  r(r41)
          r40:  r(r40)
          r39:  r(r39)
          r38:  r(r38)
          r37:  r(r37)
          r36:  r(r36)
          r35:  r(r35)
          r34:  r(r34)
          r33:  r(r33)
          r32:  r(r32)
          r31:  r(r31)
          r30:  r(r30)
          r29:  r(r29)
          r28:  r(r28)
          r27:  r(r27)
          r26:  r(r26)
          r25:  r(r25)
          r24:  r(r24)
          r23:  r(r23)
          r22:  r(r22)
          r21:  r(r21)
           by:  year month

Statsby groups
----+--- 1 ---+--- 2 ---+--- 3 ---+--- 4 ---+--- 5 
............
file ../result/pctile.dta saved
(CEPR ORG Extract, Version 1.7.0, 1996)
(running _pctile on estimation sample)

      command:  _pctile w_ln_no [aweight= orgwgt], nq(100)
           r1:  r(r1)
           r2:  r(r2)
           r3:  r(r3)
           r4:  r(r4)
           r5:  r(r5)
           r6:  r(r6)
           r7:  r(r7)
           r8:  r(r8)
           r9:  r(r9)
          r10:  r(r10)
          r11:  r(r11)
          r12:  r(r12)
          r13:  r(r13)
          r14:  r(r14)
          r15:  r(r15)
          r16:  r(r16)
          r17:  r(r17)
          r18:  r(r18)
          r19:  r(r19)
          r20:  r(r20)
          r99:  r(r99)
          r98:  r(r98)
          r97:  r(r97)
          r96:  r(r96)
          r95:  r(r95)
          r94:  r(r94)
          r93:  r(r93)
          r92:  r(r92)
          r91:  r(r91)
          r90:  r(r90)
          r89:  r(r89)
          r88:  r(r88)
          r87:  r(r87)
          r86:  r(r86)
          r85:  r(r85)
          r84:  r(r84)
          r83:  r(r83)
          r82:  r(r82)
          r81:  r(r81)
          r80:  r(r80)
          r79:  r(r79)
          r78:  r(r78)
          r77:  r(r77)
          r76:  r(r76)
          r75:  r(r75)
          r74:  r(r74)
          r73:  r(r73)
          r72:  r(r72)
          r71:  r(r71)
          r70:  r(r70)
          r69:  r(r69)
          r68:  r(r68)
          r67:  r(r67)
          r66:  r(r66)
          r65:  r(r65)
          r64:  r(r64)
          r63:  r(r63)
          r62:  r(r62)
          r61:  r(r61)
          r60:  r(r60)
          r59:  r(r59)
          r58:  r(r58)
          r57:  r(r57)
          r56:  r(r56)
          r55:  r(r55)
          r54:  r(r54)
          r53:  r(r53)
          r52:  r(r52)
          r51:  r(r51)
          r50:  r(r50)
          r49:  r(r49)
          r48:  r(r48)
          r47:  r(r47)
          r46:  r(r46)
          r45:  r(r45)
          r44:  r(r44)
          r43:  r(r43)
          r42:  r(r42)
          r41:  r(r41)
          r40:  r(r40)
          r39:  r(r39)
          r38:  r(r38)
          r37:  r(r37)
          r36:  r(r36)
          r35:  r(r35)
          r34:  r(r34)
          r33:  r(r33)
          r32:  r(r32)
          r31:  r(r31)
          r30:  r(r30)
          r29:  r(r29)
          r28:  r(r28)
          r27:  r(r27)
          r26:  r(r26)
          r25:  r(r25)
          r24:  r(r24)
          r23:  r(r23)
          r22:  r(r22)
          r21:  r(r21)
           by:  year month

Statsby groups
----+--- 1 ---+--- 2 ---+--- 3 ---+--- 4 ---+--- 5 
............
file ../result/pctile.dta saved
(CEPR ORG Extract, Version 1.7.0, 1997)
(running _pctile on estimation sample)

      command:  _pctile w_ln_no [aweight= orgwgt], nq(100)
           r1:  r(r1)
           r2:  r(r2)
           r3:  r(r3)
           r4:  r(r4)
           r5:  r(r5)
           r6:  r(r6)
           r7:  r(r7)
           r8:  r(r8)
           r9:  r(r9)
          r10:  r(r10)
          r11:  r(r11)
          r12:  r(r12)
          r13:  r(r13)
          r14:  r(r14)
          r15:  r(r15)
          r16:  r(r16)
          r17:  r(r17)
          r18:  r(r18)
          r19:  r(r19)
          r20:  r(r20)
          r99:  r(r99)
          r98:  r(r98)
          r97:  r(r97)
          r96:  r(r96)
          r95:  r(r95)
          r94:  r(r94)
          r93:  r(r93)
          r92:  r(r92)
          r91:  r(r91)
          r90:  r(r90)
          r89:  r(r89)
          r88:  r(r88)
          r87:  r(r87)
          r86:  r(r86)
          r85:  r(r85)
          r84:  r(r84)
          r83:  r(r83)
          r82:  r(r82)
          r81:  r(r81)
          r80:  r(r80)
          r79:  r(r79)
          r78:  r(r78)
          r77:  r(r77)
          r76:  r(r76)
          r75:  r(r75)
          r74:  r(r74)
          r73:  r(r73)
          r72:  r(r72)
          r71:  r(r71)
          r70:  r(r70)
          r69:  r(r69)
          r68:  r(r68)
          r67:  r(r67)
          r66:  r(r66)
          r65:  r(r65)
          r64:  r(r64)
          r63:  r(r63)
          r62:  r(r62)
          r61:  r(r61)
          r60:  r(r60)
          r59:  r(r59)
          r58:  r(r58)
          r57:  r(r57)
          r56:  r(r56)
          r55:  r(r55)
          r54:  r(r54)
          r53:  r(r53)
          r52:  r(r52)
          r51:  r(r51)
          r50:  r(r50)
          r49:  r(r49)
          r48:  r(r48)
          r47:  r(r47)
          r46:  r(r46)
          r45:  r(r45)
          r44:  r(r44)
          r43:  r(r43)
          r42:  r(r42)
          r41:  r(r41)
          r40:  r(r40)
          r39:  r(r39)
          r38:  r(r38)
          r37:  r(r37)
          r36:  r(r36)
          r35:  r(r35)
          r34:  r(r34)
          r33:  r(r33)
          r32:  r(r32)
          r31:  r(r31)
          r30:  r(r30)
          r29:  r(r29)
          r28:  r(r28)
          r27:  r(r27)
          r26:  r(r26)
          r25:  r(r25)
          r24:  r(r24)
          r23:  r(r23)
          r22:  r(r22)
          r21:  r(r21)
           by:  year month

Statsby groups
----+--- 1 ---+--- 2 ---+--- 3 ---+--- 4 ---+--- 5 
............
file ../result/pctile.dta saved
(CEPR ORG Extract, Version 1.7.0, 1998)
(running _pctile on estimation sample)

      command:  _pctile w_ln_no [aweight= orgwgt], nq(100)
           r1:  r(r1)
           r2:  r(r2)
           r3:  r(r3)
           r4:  r(r4)
           r5:  r(r5)
           r6:  r(r6)
           r7:  r(r7)
           r8:  r(r8)
           r9:  r(r9)
          r10:  r(r10)
          r11:  r(r11)
          r12:  r(r12)
          r13:  r(r13)
          r14:  r(r14)
          r15:  r(r15)
          r16:  r(r16)
          r17:  r(r17)
          r18:  r(r18)
          r19:  r(r19)
          r20:  r(r20)
          r99:  r(r99)
          r98:  r(r98)
          r97:  r(r97)
          r96:  r(r96)
          r95:  r(r95)
          r94:  r(r94)
          r93:  r(r93)
          r92:  r(r92)
          r91:  r(r91)
          r90:  r(r90)
          r89:  r(r89)
          r88:  r(r88)
          r87:  r(r87)
          r86:  r(r86)
          r85:  r(r85)
          r84:  r(r84)
          r83:  r(r83)
          r82:  r(r82)
          r81:  r(r81)
          r80:  r(r80)
          r79:  r(r79)
          r78:  r(r78)
          r77:  r(r77)
          r76:  r(r76)
          r75:  r(r75)
          r74:  r(r74)
          r73:  r(r73)
          r72:  r(r72)
          r71:  r(r71)
          r70:  r(r70)
          r69:  r(r69)
          r68:  r(r68)
          r67:  r(r67)
          r66:  r(r66)
          r65:  r(r65)
          r64:  r(r64)
          r63:  r(r63)
          r62:  r(r62)
          r61:  r(r61)
          r60:  r(r60)
          r59:  r(r59)
          r58:  r(r58)
          r57:  r(r57)
          r56:  r(r56)
          r55:  r(r55)
          r54:  r(r54)
          r53:  r(r53)
          r52:  r(r52)
          r51:  r(r51)
          r50:  r(r50)
          r49:  r(r49)
          r48:  r(r48)
          r47:  r(r47)
          r46:  r(r46)
          r45:  r(r45)
          r44:  r(r44)
          r43:  r(r43)
          r42:  r(r42)
          r41:  r(r41)
          r40:  r(r40)
          r39:  r(r39)
          r38:  r(r38)
          r37:  r(r37)
          r36:  r(r36)
          r35:  r(r35)
          r34:  r(r34)
          r33:  r(r33)
          r32:  r(r32)
          r31:  r(r31)
          r30:  r(r30)
          r29:  r(r29)
          r28:  r(r28)
          r27:  r(r27)
          r26:  r(r26)
          r25:  r(r25)
          r24:  r(r24)
          r23:  r(r23)
          r22:  r(r22)
          r21:  r(r21)
           by:  year month

Statsby groups
----+--- 1 ---+--- 2 ---+--- 3 ---+--- 4 ---+--- 5 
............
file ../result/pctile.dta saved
(CEPR ORG Extract, Version 1.7.0, 1999)
(running _pctile on estimation sample)

      command:  _pctile w_ln_no [aweight= orgwgt], nq(100)
           r1:  r(r1)
           r2:  r(r2)
           r3:  r(r3)
           r4:  r(r4)
           r5:  r(r5)
           r6:  r(r6)
           r7:  r(r7)
           r8:  r(r8)
           r9:  r(r9)
          r10:  r(r10)
          r11:  r(r11)
          r12:  r(r12)
          r13:  r(r13)
          r14:  r(r14)
          r15:  r(r15)
          r16:  r(r16)
          r17:  r(r17)
          r18:  r(r18)
          r19:  r(r19)
          r20:  r(r20)
          r99:  r(r99)
          r98:  r(r98)
          r97:  r(r97)
          r96:  r(r96)
          r95:  r(r95)
          r94:  r(r94)
          r93:  r(r93)
          r92:  r(r92)
          r91:  r(r91)
          r90:  r(r90)
          r89:  r(r89)
          r88:  r(r88)
          r87:  r(r87)
          r86:  r(r86)
          r85:  r(r85)
          r84:  r(r84)
          r83:  r(r83)
          r82:  r(r82)
          r81:  r(r81)
          r80:  r(r80)
          r79:  r(r79)
          r78:  r(r78)
          r77:  r(r77)
          r76:  r(r76)
          r75:  r(r75)
          r74:  r(r74)
          r73:  r(r73)
          r72:  r(r72)
          r71:  r(r71)
          r70:  r(r70)
          r69:  r(r69)
          r68:  r(r68)
          r67:  r(r67)
          r66:  r(r66)
          r65:  r(r65)
          r64:  r(r64)
          r63:  r(r63)
          r62:  r(r62)
          r61:  r(r61)
          r60:  r(r60)
          r59:  r(r59)
          r58:  r(r58)
          r57:  r(r57)
          r56:  r(r56)
          r55:  r(r55)
          r54:  r(r54)
          r53:  r(r53)
          r52:  r(r52)
          r51:  r(r51)
          r50:  r(r50)
          r49:  r(r49)
          r48:  r(r48)
          r47:  r(r47)
          r46:  r(r46)
          r45:  r(r45)
          r44:  r(r44)
          r43:  r(r43)
          r42:  r(r42)
          r41:  r(r41)
          r40:  r(r40)
          r39:  r(r39)
          r38:  r(r38)
          r37:  r(r37)
          r36:  r(r36)
          r35:  r(r35)
          r34:  r(r34)
          r33:  r(r33)
          r32:  r(r32)
          r31:  r(r31)
          r30:  r(r30)
          r29:  r(r29)
          r28:  r(r28)
          r27:  r(r27)
          r26:  r(r26)
          r25:  r(r25)
          r24:  r(r24)
          r23:  r(r23)
          r22:  r(r22)
          r21:  r(r21)
           by:  year month

Statsby groups
----+--- 1 ---+--- 2 ---+--- 3 ---+--- 4 ---+--- 5 
............
file ../result/pctile.dta saved
(CEPR ORG Extract, Version 1.7.0, 2000)
(running _pctile on estimation sample)

      command:  _pctile w_ln_no [aweight= orgwgt], nq(100)
           r1:  r(r1)
           r2:  r(r2)
           r3:  r(r3)
           r4:  r(r4)
           r5:  r(r5)
           r6:  r(r6)
           r7:  r(r7)
           r8:  r(r8)
           r9:  r(r9)
          r10:  r(r10)
          r11:  r(r11)
          r12:  r(r12)
          r13:  r(r13)
          r14:  r(r14)
          r15:  r(r15)
          r16:  r(r16)
          r17:  r(r17)
          r18:  r(r18)
          r19:  r(r19)
          r20:  r(r20)
          r99:  r(r99)
          r98:  r(r98)
          r97:  r(r97)
          r96:  r(r96)
          r95:  r(r95)
          r94:  r(r94)
          r93:  r(r93)
          r92:  r(r92)
          r91:  r(r91)
          r90:  r(r90)
          r89:  r(r89)
          r88:  r(r88)
          r87:  r(r87)
          r86:  r(r86)
          r85:  r(r85)
          r84:  r(r84)
          r83:  r(r83)
          r82:  r(r82)
          r81:  r(r81)
          r80:  r(r80)
          r79:  r(r79)
          r78:  r(r78)
          r77:  r(r77)
          r76:  r(r76)
          r75:  r(r75)
          r74:  r(r74)
          r73:  r(r73)
          r72:  r(r72)
          r71:  r(r71)
          r70:  r(r70)
          r69:  r(r69)
          r68:  r(r68)
          r67:  r(r67)
          r66:  r(r66)
          r65:  r(r65)
          r64:  r(r64)
          r63:  r(r63)
          r62:  r(r62)
          r61:  r(r61)
          r60:  r(r60)
          r59:  r(r59)
          r58:  r(r58)
          r57:  r(r57)
          r56:  r(r56)
          r55:  r(r55)
          r54:  r(r54)
          r53:  r(r53)
          r52:  r(r52)
          r51:  r(r51)
          r50:  r(r50)
          r49:  r(r49)
          r48:  r(r48)
          r47:  r(r47)
          r46:  r(r46)
          r45:  r(r45)
          r44:  r(r44)
          r43:  r(r43)
          r42:  r(r42)
          r41:  r(r41)
          r40:  r(r40)
          r39:  r(r39)
          r38:  r(r38)
          r37:  r(r37)
          r36:  r(r36)
          r35:  r(r35)
          r34:  r(r34)
          r33:  r(r33)
          r32:  r(r32)
          r31:  r(r31)
          r30:  r(r30)
          r29:  r(r29)
          r28:  r(r28)
          r27:  r(r27)
          r26:  r(r26)
          r25:  r(r25)
          r24:  r(r24)
          r23:  r(r23)
          r22:  r(r22)
          r21:  r(r21)
           by:  year month

Statsby groups
----+--- 1 ---+--- 2 ---+--- 3 ---+--- 4 ---+--- 5 
............
file ../result/pctile.dta saved
(CEPR ORG Extract, Version 1.7.0, 2001)
(running _pctile on estimation sample)

      command:  _pctile w_ln_no [aweight= orgwgt], nq(100)
           r1:  r(r1)
           r2:  r(r2)
           r3:  r(r3)
           r4:  r(r4)
           r5:  r(r5)
           r6:  r(r6)
           r7:  r(r7)
           r8:  r(r8)
           r9:  r(r9)
          r10:  r(r10)
          r11:  r(r11)
          r12:  r(r12)
          r13:  r(r13)
          r14:  r(r14)
          r15:  r(r15)
          r16:  r(r16)
          r17:  r(r17)
          r18:  r(r18)
          r19:  r(r19)
          r20:  r(r20)
          r99:  r(r99)
          r98:  r(r98)
          r97:  r(r97)
          r96:  r(r96)
          r95:  r(r95)
          r94:  r(r94)
          r93:  r(r93)
          r92:  r(r92)
          r91:  r(r91)
          r90:  r(r90)
          r89:  r(r89)
          r88:  r(r88)
          r87:  r(r87)
          r86:  r(r86)
          r85:  r(r85)
          r84:  r(r84)
          r83:  r(r83)
          r82:  r(r82)
          r81:  r(r81)
          r80:  r(r80)
          r79:  r(r79)
          r78:  r(r78)
          r77:  r(r77)
          r76:  r(r76)
          r75:  r(r75)
          r74:  r(r74)
          r73:  r(r73)
          r72:  r(r72)
          r71:  r(r71)
          r70:  r(r70)
          r69:  r(r69)
          r68:  r(r68)
          r67:  r(r67)
          r66:  r(r66)
          r65:  r(r65)
          r64:  r(r64)
          r63:  r(r63)
          r62:  r(r62)
          r61:  r(r61)
          r60:  r(r60)
          r59:  r(r59)
          r58:  r(r58)
          r57:  r(r57)
          r56:  r(r56)
          r55:  r(r55)
          r54:  r(r54)
          r53:  r(r53)
          r52:  r(r52)
          r51:  r(r51)
          r50:  r(r50)
          r49:  r(r49)
          r48:  r(r48)
          r47:  r(r47)
          r46:  r(r46)
          r45:  r(r45)
          r44:  r(r44)
          r43:  r(r43)
          r42:  r(r42)
          r41:  r(r41)
          r40:  r(r40)
          r39:  r(r39)
          r38:  r(r38)
          r37:  r(r37)
          r36:  r(r36)
          r35:  r(r35)
          r34:  r(r34)
          r33:  r(r33)
          r32:  r(r32)
          r31:  r(r31)
          r30:  r(r30)
          r29:  r(r29)
          r28:  r(r28)
          r27:  r(r27)
          r26:  r(r26)
          r25:  r(r25)
          r24:  r(r24)
          r23:  r(r23)
          r22:  r(r22)
          r21:  r(r21)
           by:  year month

Statsby groups
----+--- 1 ---+--- 2 ---+--- 3 ---+--- 4 ---+--- 5 
............
file ../result/pctile.dta saved
(CEPR ORG Extract, Version 1.7.0, 2002)
(running _pctile on estimation sample)

      command:  _pctile w_ln_no [aweight= orgwgt], nq(100)
           r1:  r(r1)
           r2:  r(r2)
           r3:  r(r3)
           r4:  r(r4)
           r5:  r(r5)
           r6:  r(r6)
           r7:  r(r7)
           r8:  r(r8)
           r9:  r(r9)
          r10:  r(r10)
          r11:  r(r11)
          r12:  r(r12)
          r13:  r(r13)
          r14:  r(r14)
          r15:  r(r15)
          r16:  r(r16)
          r17:  r(r17)
          r18:  r(r18)
          r19:  r(r19)
          r20:  r(r20)
          r99:  r(r99)
          r98:  r(r98)
          r97:  r(r97)
          r96:  r(r96)
          r95:  r(r95)
          r94:  r(r94)
          r93:  r(r93)
          r92:  r(r92)
          r91:  r(r91)
          r90:  r(r90)
          r89:  r(r89)
          r88:  r(r88)
          r87:  r(r87)
          r86:  r(r86)
          r85:  r(r85)
          r84:  r(r84)
          r83:  r(r83)
          r82:  r(r82)
          r81:  r(r81)
          r80:  r(r80)
          r79:  r(r79)
          r78:  r(r78)
          r77:  r(r77)
          r76:  r(r76)
          r75:  r(r75)
          r74:  r(r74)
          r73:  r(r73)
          r72:  r(r72)
          r71:  r(r71)
          r70:  r(r70)
          r69:  r(r69)
          r68:  r(r68)
          r67:  r(r67)
          r66:  r(r66)
          r65:  r(r65)
          r64:  r(r64)
          r63:  r(r63)
          r62:  r(r62)
          r61:  r(r61)
          r60:  r(r60)
          r59:  r(r59)
          r58:  r(r58)
          r57:  r(r57)
          r56:  r(r56)
          r55:  r(r55)
          r54:  r(r54)
          r53:  r(r53)
          r52:  r(r52)
          r51:  r(r51)
          r50:  r(r50)
          r49:  r(r49)
          r48:  r(r48)
          r47:  r(r47)
          r46:  r(r46)
          r45:  r(r45)
          r44:  r(r44)
          r43:  r(r43)
          r42:  r(r42)
          r41:  r(r41)
          r40:  r(r40)
          r39:  r(r39)
          r38:  r(r38)
          r37:  r(r37)
          r36:  r(r36)
          r35:  r(r35)
          r34:  r(r34)
          r33:  r(r33)
          r32:  r(r32)
          r31:  r(r31)
          r30:  r(r30)
          r29:  r(r29)
          r28:  r(r28)
          r27:  r(r27)
          r26:  r(r26)
          r25:  r(r25)
          r24:  r(r24)
          r23:  r(r23)
          r22:  r(r22)
          r21:  r(r21)
           by:  year month

Statsby groups
----+--- 1 ---+--- 2 ---+--- 3 ---+--- 4 ---+--- 5 
............
file ../result/pctile.dta saved
(CEPR ORG Extract, Version 1.7.0, 2003)
(running _pctile on estimation sample)

      command:  _pctile w_ln_no [aweight= orgwgt], nq(100)
           r1:  r(r1)
           r2:  r(r2)
           r3:  r(r3)
           r4:  r(r4)
           r5:  r(r5)
           r6:  r(r6)
           r7:  r(r7)
           r8:  r(r8)
           r9:  r(r9)
          r10:  r(r10)
          r11:  r(r11)
          r12:  r(r12)
          r13:  r(r13)
          r14:  r(r14)
          r15:  r(r15)
          r16:  r(r16)
          r17:  r(r17)
          r18:  r(r18)
          r19:  r(r19)
          r20:  r(r20)
          r99:  r(r99)
          r98:  r(r98)
          r97:  r(r97)
          r96:  r(r96)
          r95:  r(r95)
          r94:  r(r94)
          r93:  r(r93)
          r92:  r(r92)
          r91:  r(r91)
          r90:  r(r90)
          r89:  r(r89)
          r88:  r(r88)
          r87:  r(r87)
          r86:  r(r86)
          r85:  r(r85)
          r84:  r(r84)
          r83:  r(r83)
          r82:  r(r82)
          r81:  r(r81)
          r80:  r(r80)
          r79:  r(r79)
          r78:  r(r78)
          r77:  r(r77)
          r76:  r(r76)
          r75:  r(r75)
          r74:  r(r74)
          r73:  r(r73)
          r72:  r(r72)
          r71:  r(r71)
          r70:  r(r70)
          r69:  r(r69)
          r68:  r(r68)
          r67:  r(r67)
          r66:  r(r66)
          r65:  r(r65)
          r64:  r(r64)
          r63:  r(r63)
          r62:  r(r62)
          r61:  r(r61)
          r60:  r(r60)
          r59:  r(r59)
          r58:  r(r58)
          r57:  r(r57)
          r56:  r(r56)
          r55:  r(r55)
          r54:  r(r54)
          r53:  r(r53)
          r52:  r(r52)
          r51:  r(r51)
          r50:  r(r50)
          r49:  r(r49)
          r48:  r(r48)
          r47:  r(r47)
          r46:  r(r46)
          r45:  r(r45)
          r44:  r(r44)
          r43:  r(r43)
          r42:  r(r42)
          r41:  r(r41)
          r40:  r(r40)
          r39:  r(r39)
          r38:  r(r38)
          r37:  r(r37)
          r36:  r(r36)
          r35:  r(r35)
          r34:  r(r34)
          r33:  r(r33)
          r32:  r(r32)
          r31:  r(r31)
          r30:  r(r30)
          r29:  r(r29)
          r28:  r(r28)
          r27:  r(r27)
          r26:  r(r26)
          r25:  r(r25)
          r24:  r(r24)
          r23:  r(r23)
          r22:  r(r22)
          r21:  r(r21)
           by:  year month

Statsby groups
----+--- 1 ---+--- 2 ---+--- 3 ---+--- 4 ---+--- 5 
............
file ../result/pctile.dta saved
(CEPR ORG Extract, Version 1.7.0, 2004)
(running _pctile on estimation sample)

      command:  _pctile w_ln_no [aweight= orgwgt], nq(100)
           r1:  r(r1)
           r2:  r(r2)
           r3:  r(r3)
           r4:  r(r4)
           r5:  r(r5)
           r6:  r(r6)
           r7:  r(r7)
           r8:  r(r8)
           r9:  r(r9)
          r10:  r(r10)
          r11:  r(r11)
          r12:  r(r12)
          r13:  r(r13)
          r14:  r(r14)
          r15:  r(r15)
          r16:  r(r16)
          r17:  r(r17)
          r18:  r(r18)
          r19:  r(r19)
          r20:  r(r20)
          r99:  r(r99)
          r98:  r(r98)
          r97:  r(r97)
          r96:  r(r96)
          r95:  r(r95)
          r94:  r(r94)
          r93:  r(r93)
          r92:  r(r92)
          r91:  r(r91)
          r90:  r(r90)
          r89:  r(r89)
          r88:  r(r88)
          r87:  r(r87)
          r86:  r(r86)
          r85:  r(r85)
          r84:  r(r84)
          r83:  r(r83)
          r82:  r(r82)
          r81:  r(r81)
          r80:  r(r80)
          r79:  r(r79)
          r78:  r(r78)
          r77:  r(r77)
          r76:  r(r76)
          r75:  r(r75)
          r74:  r(r74)
          r73:  r(r73)
          r72:  r(r72)
          r71:  r(r71)
          r70:  r(r70)
          r69:  r(r69)
          r68:  r(r68)
          r67:  r(r67)
          r66:  r(r66)
          r65:  r(r65)
          r64:  r(r64)
          r63:  r(r63)
          r62:  r(r62)
          r61:  r(r61)
          r60:  r(r60)
          r59:  r(r59)
          r58:  r(r58)
          r57:  r(r57)
          r56:  r(r56)
          r55:  r(r55)
          r54:  r(r54)
          r53:  r(r53)
          r52:  r(r52)
          r51:  r(r51)
          r50:  r(r50)
          r49:  r(r49)
          r48:  r(r48)
          r47:  r(r47)
          r46:  r(r46)
          r45:  r(r45)
          r44:  r(r44)
          r43:  r(r43)
          r42:  r(r42)
          r41:  r(r41)
          r40:  r(r40)
          r39:  r(r39)
          r38:  r(r38)
          r37:  r(r37)
          r36:  r(r36)
          r35:  r(r35)
          r34:  r(r34)
          r33:  r(r33)
          r32:  r(r32)
          r31:  r(r31)
          r30:  r(r30)
          r29:  r(r29)
          r28:  r(r28)
          r27:  r(r27)
          r26:  r(r26)
          r25:  r(r25)
          r24:  r(r24)
          r23:  r(r23)
          r22:  r(r22)
          r21:  r(r21)
           by:  year month

Statsby groups
----+--- 1 ---+--- 2 ---+--- 3 ---+--- 4 ---+--- 5 
............
file ../result/pctile.dta saved
(CEPR ORG Extract, Version 1.7.0, 2005)
(running _pctile on estimation sample)

      command:  _pctile w_ln_no [aweight= orgwgt], nq(100)
           r1:  r(r1)
           r2:  r(r2)
           r3:  r(r3)
           r4:  r(r4)
           r5:  r(r5)
           r6:  r(r6)
           r7:  r(r7)
           r8:  r(r8)
           r9:  r(r9)
          r10:  r(r10)
          r11:  r(r11)
          r12:  r(r12)
          r13:  r(r13)
          r14:  r(r14)
          r15:  r(r15)
          r16:  r(r16)
          r17:  r(r17)
          r18:  r(r18)
          r19:  r(r19)
          r20:  r(r20)
          r99:  r(r99)
          r98:  r(r98)
          r97:  r(r97)
          r96:  r(r96)
          r95:  r(r95)
          r94:  r(r94)
          r93:  r(r93)
          r92:  r(r92)
          r91:  r(r91)
          r90:  r(r90)
          r89:  r(r89)
          r88:  r(r88)
          r87:  r(r87)
          r86:  r(r86)
          r85:  r(r85)
          r84:  r(r84)
          r83:  r(r83)
          r82:  r(r82)
          r81:  r(r81)
          r80:  r(r80)
          r79:  r(r79)
          r78:  r(r78)
          r77:  r(r77)
          r76:  r(r76)
          r75:  r(r75)
          r74:  r(r74)
          r73:  r(r73)
          r72:  r(r72)
          r71:  r(r71)
          r70:  r(r70)
          r69:  r(r69)
          r68:  r(r68)
          r67:  r(r67)
          r66:  r(r66)
          r65:  r(r65)
          r64:  r(r64)
          r63:  r(r63)
          r62:  r(r62)
          r61:  r(r61)
          r60:  r(r60)
          r59:  r(r59)
          r58:  r(r58)
          r57:  r(r57)
          r56:  r(r56)
          r55:  r(r55)
          r54:  r(r54)
          r53:  r(r53)
          r52:  r(r52)
          r51:  r(r51)
          r50:  r(r50)
          r49:  r(r49)
          r48:  r(r48)
          r47:  r(r47)
          r46:  r(r46)
          r45:  r(r45)
          r44:  r(r44)
          r43:  r(r43)
          r42:  r(r42)
          r41:  r(r41)
          r40:  r(r40)
          r39:  r(r39)
          r38:  r(r38)
          r37:  r(r37)
          r36:  r(r36)
          r35:  r(r35)
          r34:  r(r34)
          r33:  r(r33)
          r32:  r(r32)
          r31:  r(r31)
          r30:  r(r30)
          r29:  r(r29)
          r28:  r(r28)
          r27:  r(r27)
          r26:  r(r26)
          r25:  r(r25)
          r24:  r(r24)
          r23:  r(r23)
          r22:  r(r22)
          r21:  r(r21)
           by:  year month

Statsby groups
----+--- 1 ---+--- 2 ---+--- 3 ---+--- 4 ---+--- 5 
............
file ../result/pctile.dta saved
(CEPR ORG Extract, Version 1.7.0, 2006)
(running _pctile on estimation sample)

      command:  _pctile w_ln_no [aweight= orgwgt], nq(100)
           r1:  r(r1)
           r2:  r(r2)
           r3:  r(r3)
           r4:  r(r4)
           r5:  r(r5)
           r6:  r(r6)
           r7:  r(r7)
           r8:  r(r8)
           r9:  r(r9)
          r10:  r(r10)
          r11:  r(r11)
          r12:  r(r12)
          r13:  r(r13)
          r14:  r(r14)
          r15:  r(r15)
          r16:  r(r16)
          r17:  r(r17)
          r18:  r(r18)
          r19:  r(r19)
          r20:  r(r20)
          r99:  r(r99)
          r98:  r(r98)
          r97:  r(r97)
          r96:  r(r96)
          r95:  r(r95)
          r94:  r(r94)
          r93:  r(r93)
          r92:  r(r92)
          r91:  r(r91)
          r90:  r(r90)
          r89:  r(r89)
          r88:  r(r88)
          r87:  r(r87)
          r86:  r(r86)
          r85:  r(r85)
          r84:  r(r84)
          r83:  r(r83)
          r82:  r(r82)
          r81:  r(r81)
          r80:  r(r80)
          r79:  r(r79)
          r78:  r(r78)
          r77:  r(r77)
          r76:  r(r76)
          r75:  r(r75)
          r74:  r(r74)
          r73:  r(r73)
          r72:  r(r72)
          r71:  r(r71)
          r70:  r(r70)
          r69:  r(r69)
          r68:  r(r68)
          r67:  r(r67)
          r66:  r(r66)
          r65:  r(r65)
          r64:  r(r64)
          r63:  r(r63)
          r62:  r(r62)
          r61:  r(r61)
          r60:  r(r60)
          r59:  r(r59)
          r58:  r(r58)
          r57:  r(r57)
          r56:  r(r56)
          r55:  r(r55)
          r54:  r(r54)
          r53:  r(r53)
          r52:  r(r52)
          r51:  r(r51)
          r50:  r(r50)
          r49:  r(r49)
          r48:  r(r48)
          r47:  r(r47)
          r46:  r(r46)
          r45:  r(r45)
          r44:  r(r44)
          r43:  r(r43)
          r42:  r(r42)
          r41:  r(r41)
          r40:  r(r40)
          r39:  r(r39)
          r38:  r(r38)
          r37:  r(r37)
          r36:  r(r36)
          r35:  r(r35)
          r34:  r(r34)
          r33:  r(r33)
          r32:  r(r32)
          r31:  r(r31)
          r30:  r(r30)
          r29:  r(r29)
          r28:  r(r28)
          r27:  r(r27)
          r26:  r(r26)
          r25:  r(r25)
          r24:  r(r24)
          r23:  r(r23)
          r22:  r(r22)
          r21:  r(r21)
           by:  year month

Statsby groups
----+--- 1 ---+--- 2 ---+--- 3 ---+--- 4 ---+--- 5 
............
file ../result/pctile.dta saved
(CEPR ORG Extract, Version 1.7.0, 2007)
(running _pctile on estimation sample)

      command:  _pctile w_ln_no [aweight= orgwgt], nq(100)
           r1:  r(r1)
           r2:  r(r2)
           r3:  r(r3)
           r4:  r(r4)
           r5:  r(r5)
           r6:  r(r6)
           r7:  r(r7)
           r8:  r(r8)
           r9:  r(r9)
          r10:  r(r10)
          r11:  r(r11)
          r12:  r(r12)
          r13:  r(r13)
          r14:  r(r14)
          r15:  r(r15)
          r16:  r(r16)
          r17:  r(r17)
          r18:  r(r18)
          r19:  r(r19)
          r20:  r(r20)
          r99:  r(r99)
          r98:  r(r98)
          r97:  r(r97)
          r96:  r(r96)
          r95:  r(r95)
          r94:  r(r94)
          r93:  r(r93)
          r92:  r(r92)
          r91:  r(r91)
          r90:  r(r90)
          r89:  r(r89)
          r88:  r(r88)
          r87:  r(r87)
          r86:  r(r86)
          r85:  r(r85)
          r84:  r(r84)
          r83:  r(r83)
          r82:  r(r82)
          r81:  r(r81)
          r80:  r(r80)
          r79:  r(r79)
          r78:  r(r78)
          r77:  r(r77)
          r76:  r(r76)
          r75:  r(r75)
          r74:  r(r74)
          r73:  r(r73)
          r72:  r(r72)
          r71:  r(r71)
          r70:  r(r70)
          r69:  r(r69)
          r68:  r(r68)
          r67:  r(r67)
          r66:  r(r66)
          r65:  r(r65)
          r64:  r(r64)
          r63:  r(r63)
          r62:  r(r62)
          r61:  r(r61)
          r60:  r(r60)
          r59:  r(r59)
          r58:  r(r58)
          r57:  r(r57)
          r56:  r(r56)
          r55:  r(r55)
          r54:  r(r54)
          r53:  r(r53)
          r52:  r(r52)
          r51:  r(r51)
          r50:  r(r50)
          r49:  r(r49)
          r48:  r(r48)
          r47:  r(r47)
          r46:  r(r46)
          r45:  r(r45)
          r44:  r(r44)
          r43:  r(r43)
          r42:  r(r42)
          r41:  r(r41)
          r40:  r(r40)
          r39:  r(r39)
          r38:  r(r38)
          r37:  r(r37)
          r36:  r(r36)
          r35:  r(r35)
          r34:  r(r34)
          r33:  r(r33)
          r32:  r(r32)
          r31:  r(r31)
          r30:  r(r30)
          r29:  r(r29)
          r28:  r(r28)
          r27:  r(r27)
          r26:  r(r26)
          r25:  r(r25)
          r24:  r(r24)
          r23:  r(r23)
          r22:  r(r22)
          r21:  r(r21)
           by:  year month

Statsby groups
----+--- 1 ---+--- 2 ---+--- 3 ---+--- 4 ---+--- 5 
............
file ../result/pctile.dta saved
(CEPR ORG Extract, Version 1.7.0, 2008)
(running _pctile on estimation sample)

      command:  _pctile w_ln_no [aweight= orgwgt], nq(100)
           r1:  r(r1)
           r2:  r(r2)
           r3:  r(r3)
           r4:  r(r4)
           r5:  r(r5)
           r6:  r(r6)
           r7:  r(r7)
           r8:  r(r8)
           r9:  r(r9)
          r10:  r(r10)
          r11:  r(r11)
          r12:  r(r12)
          r13:  r(r13)
          r14:  r(r14)
          r15:  r(r15)
          r16:  r(r16)
          r17:  r(r17)
          r18:  r(r18)
          r19:  r(r19)
          r20:  r(r20)
          r99:  r(r99)
          r98:  r(r98)
          r97:  r(r97)
          r96:  r(r96)
          r95:  r(r95)
          r94:  r(r94)
          r93:  r(r93)
          r92:  r(r92)
          r91:  r(r91)
          r90:  r(r90)
          r89:  r(r89)
          r88:  r(r88)
          r87:  r(r87)
          r86:  r(r86)
          r85:  r(r85)
          r84:  r(r84)
          r83:  r(r83)
          r82:  r(r82)
          r81:  r(r81)
          r80:  r(r80)
          r79:  r(r79)
          r78:  r(r78)
          r77:  r(r77)
          r76:  r(r76)
          r75:  r(r75)
          r74:  r(r74)
          r73:  r(r73)
          r72:  r(r72)
          r71:  r(r71)
          r70:  r(r70)
          r69:  r(r69)
          r68:  r(r68)
          r67:  r(r67)
          r66:  r(r66)
          r65:  r(r65)
          r64:  r(r64)
          r63:  r(r63)
          r62:  r(r62)
          r61:  r(r61)
          r60:  r(r60)
          r59:  r(r59)
          r58:  r(r58)
          r57:  r(r57)
          r56:  r(r56)
          r55:  r(r55)
          r54:  r(r54)
          r53:  r(r53)
          r52:  r(r52)
          r51:  r(r51)
          r50:  r(r50)
          r49:  r(r49)
          r48:  r(r48)
          r47:  r(r47)
          r46:  r(r46)
          r45:  r(r45)
          r44:  r(r44)
          r43:  r(r43)
          r42:  r(r42)
          r41:  r(r41)
          r40:  r(r40)
          r39:  r(r39)
          r38:  r(r38)
          r37:  r(r37)
          r36:  r(r36)
          r35:  r(r35)
          r34:  r(r34)
          r33:  r(r33)
          r32:  r(r32)
          r31:  r(r31)
          r30:  r(r30)
          r29:  r(r29)
          r28:  r(r28)
          r27:  r(r27)
          r26:  r(r26)
          r25:  r(r25)
          r24:  r(r24)
          r23:  r(r23)
          r22:  r(r22)
          r21:  r(r21)
           by:  year month

Statsby groups
----+--- 1 ---+--- 2 ---+--- 3 ---+--- 4 ---+--- 5 
............
file ../result/pctile.dta saved
(CEPR ORG Extract, Version 1.7.0, 2009)
(running _pctile on estimation sample)

      command:  _pctile w_ln_no [aweight= orgwgt], nq(100)
           r1:  r(r1)
           r2:  r(r2)
           r3:  r(r3)
           r4:  r(r4)
           r5:  r(r5)
           r6:  r(r6)
           r7:  r(r7)
           r8:  r(r8)
           r9:  r(r9)
          r10:  r(r10)
          r11:  r(r11)
          r12:  r(r12)
          r13:  r(r13)
          r14:  r(r14)
          r15:  r(r15)
          r16:  r(r16)
          r17:  r(r17)
          r18:  r(r18)
          r19:  r(r19)
          r20:  r(r20)
          r99:  r(r99)
          r98:  r(r98)
          r97:  r(r97)
          r96:  r(r96)
          r95:  r(r95)
          r94:  r(r94)
          r93:  r(r93)
          r92:  r(r92)
          r91:  r(r91)
          r90:  r(r90)
          r89:  r(r89)
          r88:  r(r88)
          r87:  r(r87)
          r86:  r(r86)
          r85:  r(r85)
          r84:  r(r84)
          r83:  r(r83)
          r82:  r(r82)
          r81:  r(r81)
          r80:  r(r80)
          r79:  r(r79)
          r78:  r(r78)
          r77:  r(r77)
          r76:  r(r76)
          r75:  r(r75)
          r74:  r(r74)
          r73:  r(r73)
          r72:  r(r72)
          r71:  r(r71)
          r70:  r(r70)
          r69:  r(r69)
          r68:  r(r68)
          r67:  r(r67)
          r66:  r(r66)
          r65:  r(r65)
          r64:  r(r64)
          r63:  r(r63)
          r62:  r(r62)
          r61:  r(r61)
          r60:  r(r60)
          r59:  r(r59)
          r58:  r(r58)
          r57:  r(r57)
          r56:  r(r56)
          r55:  r(r55)
          r54:  r(r54)
          r53:  r(r53)
          r52:  r(r52)
          r51:  r(r51)
          r50:  r(r50)
          r49:  r(r49)
          r48:  r(r48)
          r47:  r(r47)
          r46:  r(r46)
          r45:  r(r45)
          r44:  r(r44)
          r43:  r(r43)
          r42:  r(r42)
          r41:  r(r41)
          r40:  r(r40)
          r39:  r(r39)
          r38:  r(r38)
          r37:  r(r37)
          r36:  r(r36)
          r35:  r(r35)
          r34:  r(r34)
          r33:  r(r33)
          r32:  r(r32)
          r31:  r(r31)
          r30:  r(r30)
          r29:  r(r29)
          r28:  r(r28)
          r27:  r(r27)
          r26:  r(r26)
          r25:  r(r25)
          r24:  r(r24)
          r23:  r(r23)
          r22:  r(r22)
          r21:  r(r21)
           by:  year month

Statsby groups
----+--- 1 ---+--- 2 ---+--- 3 ---+--- 4 ---+--- 5 
............
file ../result/pctile.dta saved
(CEPR ORG Extract, Version 1.7.0, 2010)
(running _pctile on estimation sample)

      command:  _pctile w_ln_no [aweight= orgwgt], nq(100)
           r1:  r(r1)
           r2:  r(r2)
           r3:  r(r3)
           r4:  r(r4)
           r5:  r(r5)
           r6:  r(r6)
           r7:  r(r7)
           r8:  r(r8)
           r9:  r(r9)
          r10:  r(r10)
          r11:  r(r11)
          r12:  r(r12)
          r13:  r(r13)
          r14:  r(r14)
          r15:  r(r15)
          r16:  r(r16)
          r17:  r(r17)
          r18:  r(r18)
          r19:  r(r19)
          r20:  r(r20)
          r99:  r(r99)
          r98:  r(r98)
          r97:  r(r97)
          r96:  r(r96)
          r95:  r(r95)
          r94:  r(r94)
          r93:  r(r93)
          r92:  r(r92)
          r91:  r(r91)
          r90:  r(r90)
          r89:  r(r89)
          r88:  r(r88)
          r87:  r(r87)
          r86:  r(r86)
          r85:  r(r85)
          r84:  r(r84)
          r83:  r(r83)
          r82:  r(r82)
          r81:  r(r81)
          r80:  r(r80)
          r79:  r(r79)
          r78:  r(r78)
          r77:  r(r77)
          r76:  r(r76)
          r75:  r(r75)
          r74:  r(r74)
          r73:  r(r73)
          r72:  r(r72)
          r71:  r(r71)
          r70:  r(r70)
          r69:  r(r69)
          r68:  r(r68)
          r67:  r(r67)
          r66:  r(r66)
          r65:  r(r65)
          r64:  r(r64)
          r63:  r(r63)
          r62:  r(r62)
          r61:  r(r61)
          r60:  r(r60)
          r59:  r(r59)
          r58:  r(r58)
          r57:  r(r57)
          r56:  r(r56)
          r55:  r(r55)
          r54:  r(r54)
          r53:  r(r53)
          r52:  r(r52)
          r51:  r(r51)
          r50:  r(r50)
          r49:  r(r49)
          r48:  r(r48)
          r47:  r(r47)
          r46:  r(r46)
          r45:  r(r45)
          r44:  r(r44)
          r43:  r(r43)
          r42:  r(r42)
          r41:  r(r41)
          r40:  r(r40)
          r39:  r(r39)
          r38:  r(r38)
          r37:  r(r37)
          r36:  r(r36)
          r35:  r(r35)
          r34:  r(r34)
          r33:  r(r33)
          r32:  r(r32)
          r31:  r(r31)
          r30:  r(r30)
          r29:  r(r29)
          r28:  r(r28)
          r27:  r(r27)
          r26:  r(r26)
          r25:  r(r25)
          r24:  r(r24)
          r23:  r(r23)
          r22:  r(r22)
          r21:  r(r21)
           by:  year month

Statsby groups
----+--- 1 ---+--- 2 ---+--- 3 ---+--- 4 ---+--- 5 
............
file ../result/pctile.dta saved
(CEPR ORG Extract, Version 1.7.0, 2011)
(running _pctile on estimation sample)

      command:  _pctile w_ln_no [aweight= orgwgt], nq(100)
           r1:  r(r1)
           r2:  r(r2)
           r3:  r(r3)
           r4:  r(r4)
           r5:  r(r5)
           r6:  r(r6)
           r7:  r(r7)
           r8:  r(r8)
           r9:  r(r9)
          r10:  r(r10)
          r11:  r(r11)
          r12:  r(r12)
          r13:  r(r13)
          r14:  r(r14)
          r15:  r(r15)
          r16:  r(r16)
          r17:  r(r17)
          r18:  r(r18)
          r19:  r(r19)
          r20:  r(r20)
          r99:  r(r99)
          r98:  r(r98)
          r97:  r(r97)
          r96:  r(r96)
          r95:  r(r95)
          r94:  r(r94)
          r93:  r(r93)
          r92:  r(r92)
          r91:  r(r91)
          r90:  r(r90)
          r89:  r(r89)
          r88:  r(r88)
          r87:  r(r87)
          r86:  r(r86)
          r85:  r(r85)
          r84:  r(r84)
          r83:  r(r83)
          r82:  r(r82)
          r81:  r(r81)
          r80:  r(r80)
          r79:  r(r79)
          r78:  r(r78)
          r77:  r(r77)
          r76:  r(r76)
          r75:  r(r75)
          r74:  r(r74)
          r73:  r(r73)
          r72:  r(r72)
          r71:  r(r71)
          r70:  r(r70)
          r69:  r(r69)
          r68:  r(r68)
          r67:  r(r67)
          r66:  r(r66)
          r65:  r(r65)
          r64:  r(r64)
          r63:  r(r63)
          r62:  r(r62)
          r61:  r(r61)
          r60:  r(r60)
          r59:  r(r59)
          r58:  r(r58)
          r57:  r(r57)
          r56:  r(r56)
          r55:  r(r55)
          r54:  r(r54)
          r53:  r(r53)
          r52:  r(r52)
          r51:  r(r51)
          r50:  r(r50)
          r49:  r(r49)
          r48:  r(r48)
          r47:  r(r47)
          r46:  r(r46)
          r45:  r(r45)
          r44:  r(r44)
          r43:  r(r43)
          r42:  r(r42)
          r41:  r(r41)
          r40:  r(r40)
          r39:  r(r39)
          r38:  r(r38)
          r37:  r(r37)
          r36:  r(r36)
          r35:  r(r35)
          r34:  r(r34)
          r33:  r(r33)
          r32:  r(r32)
          r31:  r(r31)
          r30:  r(r30)
          r29:  r(r29)
          r28:  r(r28)
          r27:  r(r27)
          r26:  r(r26)
          r25:  r(r25)
          r24:  r(r24)
          r23:  r(r23)
          r22:  r(r22)
          r21:  r(r21)
           by:  year month

Statsby groups
----+--- 1 ---+--- 2 ---+--- 3 ---+--- 4 ---+--- 5 
............
file ../result/pctile.dta saved

. 
. gen t = tm(1979m1) + _n - 1

. format t %tm

. tsset t
        time variable:  t, 1979m1 to 2011m12
                delta:  1 month

. order year qtr month date t, first

. sort year qtr month date t

. saveold ../result/pctile.dta, replace
file ../result/pctile.dta saved

. 
. 
. *** Seasonally adjust the percentiles (ratio-to-MA method):
. qui foreach XY of varlist p* {

.  
. keep year qtr month date t SA_*

. sort year qtr month date t

. 
. saveold ../result/sa_pctile.dta, replace
(note: file ../result/sa_pctile.dta not found)
file ../result/sa_pctile.dta saved

. 
. log close
      name:  <unnamed>
       log:  /data/uctprgu/cps/program/log_pctile.log
  log type:  text
 closed on:   2 May 2012, 16:45:00
------------------------------------------------------------------------------------------
