------------------------------------------------------------------------------------------------
      name:  <unnamed>
       log:  /data/uctprgu/cps/program/log_match_edu.log
  log type:  text
 opened on:  29 May 2012, 09:57:52

. 
. local x = 197601

. while `x' <= 201108 {
  2. 
.   use ../basic_extract/cps`x', clear
  3.   
.   /* 6 education categories */
.   
.   if `x' <= 199112 {
  4.   gen byte educ6c = 1 if 0 <= educ & educ <= 8  /* dropouts before high school */
  5.   replace educ6c = 2 if 9 <= educ & educ<=11 /* dropouts during high school */
  6.   replace educ6c = 3 if educ == 12  /* high school graduates */
  7.   replace educ6c = 4 if 13 <= educ & educ <= 15 /* didn't complete college */
  8.   replace educ6c = 5 if educ == 16 /* completed college */
  9.   replace educ6c = 5 if educ == 17 /* "completed 4 or 5 years college" */
 10.   replace educ6c = 6 if 18 <= educ & educ !=.
 11.   }
 12.   
.   if 199201 <= `x' {
 13.   gen byte educ6c = 1 if 31 <= educ & educ <= 34
 14.   replace educ6c = 2 if 35 <= educ & educ <= 37 /* includes "no diploma" */
 15.   replace educ6c = 3 if 38 <= educ & educ <= 39 /* includes "no diploma" */
 16.   replace educ6c = 4 if 40 <= educ & educ <= 42
 17.   replace educ6c = 5 if educ == 43
 18.   replace educ6c = 6 if 44 <= educ & educ <= 46
 19.   }
 20.   
.   lab var educ6c "6 categroy education level"
 21.   #delimit ;
delimiter now ;
.   lab define educ6c
>   1 "Dropouts before high school, completed 0~8 grade"
>   2 "Dropouts during high school, completed 9~11 grade"
>   3 "High school graduates, no college, completed 12 grade"
>   4 "Some college, completed 13~15 grade"
>   5 "College, completed 16~17 grade"
>   6 "Advanced, completed 18 grade and over"
>   ;
 22.   #delimit cr
delimiter now cr
.   lab val educ6c educ6c
 23. 
.   saveold ../basic_extract/cps`x'.dta, replace
 24. 
.   local x = `x' + 1
 25.   if (`x'-13)/100 == int((`x'-13)/100) {
 26.     local x = `x' + 88
 27.     noisily display (`x'-1)/100
 28.   }
 29. }
(78725 missing values generated)
(20476 real changes made)
(33567 real changes made)
(13277 real changes made)
(6964 real changes made)
(1589 real changes made)
(2852 real changes made)
file ../basic_extract/cps197601.dta saved
(78067 missing values generated)
(20056 real changes made)
(33322 real changes made)
(13185 real changes made)
(7088 real changes made)
(1515 real changes made)
(2901 real changes made)
file ../basic_extract/cps197602.dta saved
(77750 missing values generated)
(19879 real changes made)
(33213 real changes made)
(13096 real changes made)
(7141 real changes made)
(1547 real changes made)
(2874 real changes made)
file ../basic_extract/cps197603.dta saved
(78587 missing values generated)
(20120 real changes made)
(33681 real changes made)
(13197 real changes made)
(7146 real changes made)
(1570 real changes made)
(2873 real changes made)
file ../basic_extract/cps197604.dta saved
(78487 missing values generated)
(20088 real changes made)
(33442 real changes made)
(13267 real changes made)
(7147 real changes made)
(1573 real changes made)
(2970 real changes made)
file ../basic_extract/cps197605.dta saved
(79666 missing values generated)
(20426 real changes made)
(34024 real changes made)
(13416 real changes made)
(7268 real changes made)
(1564 real changes made)
(2968 real changes made)
file ../basic_extract/cps197606.dta saved
(80419 missing values generated)
(20686 real changes made)
(34221 real changes made)
(13735 real changes made)
(7248 real changes made)
(1553 real changes made)
(2976 real changes made)
file ../basic_extract/cps197607.dta saved
(80393 missing values generated)
(20544 real changes made)
(33976 real changes made)
(13961 real changes made)
(7327 real changes made)
(1592 real changes made)
(2993 real changes made)
file ../basic_extract/cps197608.dta saved
(80526 missing values generated)
(20527 real changes made)
(33861 real changes made)
(13997 real changes made)
(7411 real changes made)
(1689 real changes made)
(3041 real changes made)
file ../basic_extract/cps197609.dta saved
(80876 missing values generated)
(20541 real changes made)
(33860 real changes made)
(14242 real changes made)
(7405 real changes made)
(1760 real changes made)
(3068 real changes made)
file ../basic_extract/cps197610.dta saved
(80935 missing values generated)
(20486 real changes made)
(34012 real changes made)
(14203 real changes made)
(7461 real changes made)
(1755 real changes made)
(3018 real changes made)
file ../basic_extract/cps197611.dta saved
(80994 missing values generated)
(20630 real changes made)
(34175 real changes made)
(13961 real changes made)
(7465 real changes made)
(1699 real changes made)
(3064 real changes made)
file ../basic_extract/cps197612.dta saved
1977
(80332 missing values generated)
(20358 real changes made)
(33977 real changes made)
(13892 real changes made)
(7466 real changes made)
(1644 real changes made)
(2995 real changes made)
file ../basic_extract/cps197701.dta saved
(80414 missing values generated)
(20537 real changes made)
(33974 real changes made)
(13761 real changes made)
(7450 real changes made)
(1655 real changes made)
(3037 real changes made)
file ../basic_extract/cps197702.dta saved
(79495 missing values generated)
(20316 real changes made)
(33471 real changes made)
(13558 real changes made)
(7408 real changes made)
(1672 real changes made)
(3070 real changes made)
file ../basic_extract/cps197703.dta saved
(79994 missing values generated)
(20280 real changes made)
(33793 real changes made)
(13679 real changes made)
(7482 real changes made)
(1692 real changes made)
(3068 real changes made)
file ../basic_extract/cps197704.dta saved
(79885 missing values generated)
(20255 real changes made)
(33700 real changes made)
(13520 real changes made)
(7561 real changes made)
(1652 real changes made)
(3197 real changes made)
file ../basic_extract/cps197705.dta saved
(80500 missing values generated)
(20165 real changes made)
(34219 real changes made)
(13722 real changes made)
(7624 real changes made)
(1640 real changes made)
(3130 real changes made)
file ../basic_extract/cps197706.dta saved
(81859 missing values generated)
(20541 real changes made)
(34773 real changes made)
(14148 real changes made)
(7617 real changes made)
(1581 real changes made)
(3199 real changes made)
file ../basic_extract/cps197707.dta saved
(81442 missing values generated)
(20448 real changes made)
(34516 real changes made)
(14087 real changes made)
(7590 real changes made)
(1599 real changes made)
(3202 real changes made)
file ../basic_extract/cps197708.dta saved
(81652 missing values generated)
(20248 real changes made)
(34671 real changes made)
(14150 real changes made)
(7646 real changes made)
(1763 real changes made)
(3174 real changes made)
file ../basic_extract/cps197709.dta saved
(82111 missing values generated)
(20353 real changes made)
(34587 real changes made)
(14353 real changes made)
(7661 real changes made)
(1859 real changes made)
(3298 real changes made)
file ../basic_extract/cps197710.dta saved
(82174 missing values generated)
(20351 real changes made)
(34563 real changes made)
(14420 real changes made)
(7708 real changes made)
(1875 real changes made)
(3257 real changes made)
file ../basic_extract/cps197711.dta saved
(81474 missing values generated)
(20187 real changes made)
(34341 real changes made)
(14255 real changes made)
(7670 real changes made)
(1808 real changes made)
(3213 real changes made)
file ../basic_extract/cps197712.dta saved
1978
(107448 missing values generated)
(23259 real changes made)
(40167 real changes made)
(16923 real changes made)
(9010 real changes made)
(1995 real changes made)
(3727 real changes made)
file ../basic_extract/cps197801.dta saved
(94139 missing values generated)
(23055 real changes made)
(39928 real changes made)
(16585 real changes made)
(8891 real changes made)
(1985 real changes made)
(3695 real changes made)
file ../basic_extract/cps197802.dta saved
(92365 missing values generated)
(22662 real changes made)
(38928 real changes made)
(16476 real changes made)
(8696 real changes made)
(1929 real changes made)
(3674 real changes made)
file ../basic_extract/cps197803.dta saved
(105368 missing values generated)
(22863 real changes made)
(39176 real changes made)
(16512 real changes made)
(8779 real changes made)
(1928 real changes made)
(3709 real changes made)
file ../basic_extract/cps197804.dta saved
(104935 missing values generated)
(22669 real changes made)
(38689 real changes made)
(16432 real changes made)
(8943 real changes made)
(1911 real changes made)
(3822 real changes made)
file ../basic_extract/cps197805.dta saved
(106041 missing values generated)
(22680 real changes made)
(39312 real changes made)
(16645 real changes made)
(9087 real changes made)
(1892 real changes made)
(3855 real changes made)
file ../basic_extract/cps197806.dta saved
(107710 missing values generated)
(22979 real changes made)
(40216 real changes made)
(16920 real changes made)
(9146 real changes made)
(1913 real changes made)
(3900 real changes made)
file ../basic_extract/cps197807.dta saved
(107969 missing values generated)
(22886 real changes made)
(40608 real changes made)
(17019 real changes made)
(9017 real changes made)
(1975 real changes made)
(3848 real changes made)
file ../basic_extract/cps197808.dta saved
(108068 missing values generated)
(22713 real changes made)
(40839 real changes made)
(17318 real changes made)
(8998 real changes made)
(2102 real changes made)
(3922 real changes made)
file ../basic_extract/cps197809.dta saved
(108940 missing values generated)
(22889 real changes made)
(40921 real changes made)
(17512 real changes made)
(9027 real changes made)
(2203 real changes made)
(4004 real changes made)
file ../basic_extract/cps197810.dta saved
(108750 missing values generated)
(22810 real changes made)
(40780 real changes made)
(17452 real changes made)
(9212 real changes made)
(2186 real changes made)
(3913 real changes made)
file ../basic_extract/cps197811.dta saved
(108529 missing values generated)
(22777 real changes made)
(40651 real changes made)
(17357 real changes made)
(9282 real changes made)
(2115 real changes made)
(3976 real changes made)
file ../basic_extract/cps197812.dta saved
1979
(107927 missing values generated)
(22773 real changes made)
(40130 real changes made)
(17101 real changes made)
(9108 real changes made)
(2076 real changes made)
(3925 real changes made)
file ../basic_extract/cps197901.dta saved
(107381 missing values generated)
(22404 real changes made)
(39838 real changes made)
(17168 real changes made)
(9190 real changes made)
(2022 real changes made)
(3901 real changes made)
file ../basic_extract/cps197902.dta saved
(106238 missing values generated)
(21922 real changes made)
(39300 real changes made)
(16959 real changes made)
(8950 real changes made)
(2080 real changes made)
(3891 real changes made)
file ../basic_extract/cps197903.dta saved
(106758 missing values generated)
(22126 real changes made)
(39491 real changes made)
(17147 real changes made)
(9067 real changes made)
(2066 real changes made)
(3888 real changes made)
file ../basic_extract/cps197904.dta saved
(106565 missing values generated)
(21903 real changes made)
(39314 real changes made)
(17066 real changes made)
(9288 real changes made)
(2013 real changes made)
(3941 real changes made)
file ../basic_extract/cps197905.dta saved
(107721 missing values generated)
(22036 real changes made)
(39995 real changes made)
(17248 real changes made)
(9433 real changes made)
(2045 real changes made)
(4068 real changes made)
file ../basic_extract/cps197906.dta saved
(109368 missing values generated)
(22300 real changes made)
(40769 real changes made)
(17616 real changes made)
(9645 real changes made)
(2075 real changes made)
(4148 real changes made)
file ../basic_extract/cps197907.dta saved
(109026 missing values generated)
(22487 real changes made)
(40592 real changes made)
(17631 real changes made)
(9399 real changes made)
(2089 real changes made)
(4141 real changes made)
file ../basic_extract/cps197908.dta saved
(109274 missing values generated)
(22388 real changes made)
(40961 real changes made)
(17765 real changes made)
(9374 real changes made)
(2116 real changes made)
(4236 real changes made)
file ../basic_extract/cps197909.dta saved
(109113 missing values generated)
(22226 real changes made)
(40973 real changes made)
(17770 real changes made)
(9321 real changes made)
(2220 real changes made)
(4158 real changes made)
file ../basic_extract/cps197910.dta saved
(108614 missing values generated)
(22133 real changes made)
(40818 real changes made)
(17631 real changes made)
(9199 real changes made)
(2192 real changes made)
(4092 real changes made)
file ../basic_extract/cps197911.dta saved
(108998 missing values generated)
(22294 real changes made)
(40891 real changes made)
(17692 real changes made)
(9456 real changes made)
(2164 real changes made)
(4168 real changes made)
file ../basic_extract/cps197912.dta saved
1980
(111912 missing values generated)
(25922 real changes made)
(47140 real changes made)
(20503 real changes made)
(10950 real changes made)
(2519 real changes made)
(4878 real changes made)
file ../basic_extract/cps198001.dta saved
(112028 missing values generated)
(25759 real changes made)
(47154 real changes made)
(20776 real changes made)
(10927 real changes made)
(2493 real changes made)
(4919 real changes made)
file ../basic_extract/cps198002.dta saved
(110678 missing values generated)
(25180 real changes made)
(46783 real changes made)
(20424 real changes made)
(10853 real changes made)
(2487 real changes made)
(4951 real changes made)
file ../basic_extract/cps198003.dta saved
(111925 missing values generated)
(25422 real changes made)
(47492 real changes made)
(20598 real changes made)
(10986 real changes made)
(2469 real changes made)
(4958 real changes made)
file ../basic_extract/cps198004.dta saved
(111857 missing values generated)
(25186 real changes made)
(47421 real changes made)
(20617 real changes made)
(11178 real changes made)
(2426 real changes made)
(5029 real changes made)
file ../basic_extract/cps198005.dta saved
(112426 missing values generated)
(25295 real changes made)
(47950 real changes made)
(20492 real changes made)
(11225 real changes made)
(2403 real changes made)
(5061 real changes made)
file ../basic_extract/cps198006.dta saved
(114231 missing values generated)
(25810 real changes made)
(48445 real changes made)
(21085 real changes made)
(11373 real changes made)
(2462 real changes made)
(5056 real changes made)
file ../basic_extract/cps198007.dta saved
(112921 missing values generated)
(25418 real changes made)
(48018 real changes made)
(20891 real changes made)
(11215 real changes made)
(2437 real changes made)
(4942 real changes made)
file ../basic_extract/cps198008.dta saved
(113698 missing values generated)
(25448 real changes made)
(48270 real changes made)
(21188 real changes made)
(11246 real changes made)
(2486 real changes made)
(5060 real changes made)
file ../basic_extract/cps198009.dta saved
(113902 missing values generated)
(25302 real changes made)
(48408 real changes made)
(21342 real changes made)
(11128 real changes made)
(2570 real changes made)
(5152 real changes made)
file ../basic_extract/cps198010.dta saved
(114478 missing values generated)
(25541 real changes made)
(48391 real changes made)
(21524 real changes made)
(11243 real changes made)
(2556 real changes made)
(5223 real changes made)
file ../basic_extract/cps198011.dta saved
(113497 missing values generated)
(25430 real changes made)
(48040 real changes made)
(21282 real changes made)
(11143 real changes made)
(2496 real changes made)
(5106 real changes made)
file ../basic_extract/cps198012.dta saved
1981
(113459 missing values generated)
(25572 real changes made)
(48024 real changes made)
(20916 real changes made)
(11322 real changes made)
(2449 real changes made)
(5176 real changes made)
file ../basic_extract/cps198101.dta saved
(113035 missing values generated)
(25353 real changes made)
(47970 real changes made)
(20924 real changes made)
(11258 real changes made)
(2397 real changes made)
(5133 real changes made)
file ../basic_extract/cps198102.dta saved
(111378 missing values generated)
(24561 real changes made)
(47728 real changes made)
(20497 real changes made)
(11168 real changes made)
(2361 real changes made)
(5063 real changes made)
file ../basic_extract/cps198103.dta saved
(112322 missing values generated)
(24745 real changes made)
(48257 real changes made)
(20576 real changes made)
(11234 real changes made)
(2331 real changes made)
(5179 real changes made)
file ../basic_extract/cps198104.dta saved
(102320 missing values generated)
(22605 real changes made)
(43978 real changes made)
(18802 real changes made)
(10149 real changes made)
(2125 real changes made)
(4661 real changes made)
file ../basic_extract/cps198105.dta saved
(102767 missing values generated)
(22511 real changes made)
(44280 real changes made)
(18912 real changes made)
(10200 real changes made)
(2132 real changes made)
(4732 real changes made)
file ../basic_extract/cps198106.dta saved
(104133 missing values generated)
(22735 real changes made)
(44645 real changes made)
(19393 real changes made)
(10376 real changes made)
(2229 real changes made)
(4755 real changes made)
file ../basic_extract/cps198107.dta saved
(103692 missing values generated)
(22645 real changes made)
(44084 real changes made)
(19381 real changes made)
(10482 real changes made)
(2257 real changes made)
(4843 real changes made)
file ../basic_extract/cps198108.dta saved
(103738 missing values generated)
(22525 real changes made)
(43849 real changes made)
(19574 real changes made)
(10567 real changes made)
(2343 real changes made)
(4880 real changes made)
file ../basic_extract/cps198109.dta saved
(104060 missing values generated)
(22597 real changes made)
(43995 real changes made)
(19720 real changes made)
(10561 real changes made)
(2347 real changes made)
(4840 real changes made)
file ../basic_extract/cps198110.dta saved
(104236 missing values generated)
(22626 real changes made)
(44321 real changes made)
(19607 real changes made)
(10559 real changes made)
(2296 real changes made)
(4827 real changes made)
file ../basic_extract/cps198111.dta saved
(103592 missing values generated)
(22541 real changes made)
(44467 real changes made)
(19306 real changes made)
(10264 real changes made)
(2250 real changes made)
(4764 real changes made)
file ../basic_extract/cps198112.dta saved
1982
(150386 missing values generated)
(22297 real changes made)
(44430 real changes made)
(18981 real changes made)
(10335 real changes made)
(2211 real changes made)
(4805 real changes made)
file ../basic_extract/cps198201.dta saved
(149553 missing values generated)
(22029 real changes made)
(44087 real changes made)
(18785 real changes made)
(10402 real changes made)
(2228 real changes made)
(4815 real changes made)
file ../basic_extract/cps198202.dta saved
(147837 missing values generated)
(21518 real changes made)
(43431 real changes made)
(18567 real changes made)
(10217 real changes made)
(2210 real changes made)
(4768 real changes made)
file ../basic_extract/cps198203.dta saved
(149142 missing values generated)
(21569 real changes made)
(43597 real changes made)
(18987 real changes made)
(10559 real changes made)
(2315 real changes made)
(4842 real changes made)
file ../basic_extract/cps198204.dta saved
(149677 missing values generated)
(21594 real changes made)
(43820 real changes made)
(19340 real changes made)
(10543 real changes made)
(2316 real changes made)
(4861 real changes made)
file ../basic_extract/cps198205.dta saved
(150229 missing values generated)
(21507 real changes made)
(44286 real changes made)
(19475 real changes made)
(10696 real changes made)
(2286 real changes made)
(4891 real changes made)
file ../basic_extract/cps198206.dta saved
(151965 missing values generated)
(21644 real changes made)
(44867 real changes made)
(20106 real changes made)
(10862 real changes made)
(2270 real changes made)
(4897 real changes made)
file ../basic_extract/cps198207.dta saved
(151019 missing values generated)
(21645 real changes made)
(44643 real changes made)
(19864 real changes made)
(10903 real changes made)
(2217 real changes made)
(4932 real changes made)
file ../basic_extract/cps198208.dta saved
(150920 missing values generated)
(21850 real changes made)
(44506 real changes made)
(19816 real changes made)
(11077 real changes made)
(2293 real changes made)
(4878 real changes made)
file ../basic_extract/cps198209.dta saved
(150917 missing values generated)
(21840 real changes made)
(44472 real changes made)
(20036 real changes made)
(10891 real changes made)
(2401 real changes made)
(4833 real changes made)
file ../basic_extract/cps198210.dta saved
(150815 missing values generated)
(21714 real changes made)
(44821 real changes made)
(19666 real changes made)
(10880 real changes made)
(2397 real changes made)
(4912 real changes made)
file ../basic_extract/cps198211.dta saved
(150227 missing values generated)
(21505 real changes made)
(44553 real changes made)
(19626 real changes made)
(10792 real changes made)
(2356 real changes made)
(4945 real changes made)
file ../basic_extract/cps198212.dta saved
1983
(149715 missing values generated)
(21147 real changes made)
(44037 real changes made)
(19603 real changes made)
(10792 real changes made)
(2360 real changes made)
(5058 real changes made)
file ../basic_extract/cps198301.dta saved
(148994 missing values generated)
(21057 real changes made)
(43782 real changes made)
(19359 real changes made)
(10852 real changes made)
(2316 real changes made)
(5107 real changes made)
file ../basic_extract/cps198302.dta saved
(119903 missing values generated)
(20866 real changes made)
(43141 real changes made)
(19291 real changes made)
(10774 real changes made)
(2343 real changes made)
(5122 real changes made)
file ../basic_extract/cps198303.dta saved
(149692 missing values generated)
(21187 real changes made)
(43673 real changes made)
(19494 real changes made)
(10798 real changes made)
(2414 real changes made)
(5209 real changes made)
file ../basic_extract/cps198304.dta saved
(149227 missing values generated)
(21003 real changes made)
(43693 real changes made)
(19482 real changes made)
(10828 real changes made)
(2420 real changes made)
(5166 real changes made)
file ../basic_extract/cps198305.dta saved
(149877 missing values generated)
(20782 real changes made)
(44283 real changes made)
(19640 real changes made)
(10909 real changes made)
(2311 real changes made)
(5090 real changes made)
file ../basic_extract/cps198306.dta saved
(150777 missing values generated)
(20860 real changes made)
(44403 real changes made)
(20118 real changes made)
(11113 real changes made)
(2275 real changes made)
(5126 real changes made)
file ../basic_extract/cps198307.dta saved
(150381 missing values generated)
(20990 real changes made)
(44382 real changes made)
(19885 real changes made)
(11204 real changes made)
(2226 real changes made)
(5056 real changes made)
file ../basic_extract/cps198308.dta saved
(150035 missing values generated)
(20936 real changes made)
(44105 real changes made)
(19887 real changes made)
(11236 real changes made)
(2323 real changes made)
(5136 real changes made)
file ../basic_extract/cps198309.dta saved
(149854 missing values generated)
(21192 real changes made)
(44069 real changes made)
(20053 real changes made)
(11016 real changes made)
(2414 real changes made)
(5050 real changes made)
file ../basic_extract/cps198310.dta saved
(150311 missing values generated)
(21280 real changes made)
(44370 real changes made)
(19973 real changes made)
(10903 real changes made)
(2404 real changes made)
(5056 real changes made)
file ../basic_extract/cps198311.dta saved
(150067 missing values generated)
(20949 real changes made)
(44053 real changes made)
(19931 real changes made)
(10991 real changes made)
(2358 real changes made)
(5116 real changes made)
file ../basic_extract/cps198312.dta saved
1984
(150288 missing values generated)
(20696 real changes made)
(43793 real changes made)
(19613 real changes made)
(10973 real changes made)
(2340 real changes made)
(5191 real changes made)
file ../basic_extract/cps198401.dta saved
(149842 missing values generated)
(20277 real changes made)
(43531 real changes made)
(19642 real changes made)
(11082 real changes made)
(2371 real changes made)
(5274 real changes made)
file ../basic_extract/cps198402.dta saved
(120912 missing values generated)
(20014 real changes made)
(43435 real changes made)
(19475 real changes made)
(10980 real changes made)
(2367 real changes made)
(5255 real changes made)
file ../basic_extract/cps198403.dta saved
(149105 missing values generated)
(20277 real changes made)
(43473 real changes made)
(19466 real changes made)
(10991 real changes made)
(2335 real changes made)
(5263 real changes made)
file ../basic_extract/cps198404.dta saved
(148212 missing values generated)
(20108 real changes made)
(43154 real changes made)
(19713 real changes made)
(11041 real changes made)
(2280 real changes made)
(5221 real changes made)
file ../basic_extract/cps198405.dta saved
(148950 missing values generated)
(20061 real changes made)
(43703 real changes made)
(20031 real changes made)
(11150 real changes made)
(2203 real changes made)
(5255 real changes made)
file ../basic_extract/cps198406.dta saved
(149105 missing values generated)
(20176 real changes made)
(43876 real changes made)
(20277 real changes made)
(11201 real changes made)
(2202 real changes made)
(5324 real changes made)
file ../basic_extract/cps198407.dta saved
(149133 missing values generated)
(20142 real changes made)
(44001 real changes made)
(20267 real changes made)
(11126 real changes made)
(2232 real changes made)
(5254 real changes made)
file ../basic_extract/cps198408.dta saved
(148900 missing values generated)
(20072 real changes made)
(43877 real changes made)
(20037 real changes made)
(11178 real changes made)
(2296 real changes made)
(5276 real changes made)
file ../basic_extract/cps198409.dta saved
(148821 missing values generated)
(20148 real changes made)
(43961 real changes made)
(19982 real changes made)
(11031 real changes made)
(2407 real changes made)
(5207 real changes made)
file ../basic_extract/cps198410.dta saved
(149306 missing values generated)
(20233 real changes made)
(44023 real changes made)
(19986 real changes made)
(11024 real changes made)
(2346 real changes made)
(5165 real changes made)
file ../basic_extract/cps198411.dta saved
(149739 missing values generated)
(20264 real changes made)
(44118 real changes made)
(20067 real changes made)
(11217 real changes made)
(2377 real changes made)
(5287 real changes made)
file ../basic_extract/cps198412.dta saved
1985
(150073 missing values generated)
(20183 real changes made)
(43998 real changes made)
(19977 real changes made)
(11348 real changes made)
(2349 real changes made)
(5389 real changes made)
file ../basic_extract/cps198501.dta saved
(150603 missing values generated)
(20238 real changes made)
(43802 real changes made)
(20142 real changes made)
(11478 real changes made)
(2300 real changes made)
(5490 real changes made)
file ../basic_extract/cps198502.dta saved
(122077 missing values generated)
(19898 real changes made)
(43427 real changes made)
(19954 real changes made)
(11479 real changes made)
(2276 real changes made)
(5459 real changes made)
file ../basic_extract/cps198503.dta saved
(149611 missing values generated)
(19890 real changes made)
(43433 real changes made)
(19894 real changes made)
(11628 real changes made)
(2314 real changes made)
(5498 real changes made)
file ../basic_extract/cps198504.dta saved
(147991 missing values generated)
(19595 real changes made)
(42963 real changes made)
(19746 real changes made)
(11509 real changes made)
(2287 real changes made)
(5375 real changes made)
file ../basic_extract/cps198505.dta saved
(148894 missing values generated)
(19606 real changes made)
(43380 real changes made)
(19996 real changes made)
(11600 real changes made)
(2264 real changes made)
(5318 real changes made)
file ../basic_extract/cps198506.dta saved
(149897 missing values generated)
(19875 real changes made)
(44000 real changes made)
(20160 real changes made)
(11539 real changes made)
(2246 real changes made)
(5327 real changes made)
file ../basic_extract/cps198507.dta saved
(149942 missing values generated)
(20099 real changes made)
(44088 real changes made)
(20180 real changes made)
(11647 real changes made)
(2234 real changes made)
(5289 real changes made)
file ../basic_extract/cps198508.dta saved
(150081 missing values generated)
(19780 real changes made)
(44119 real changes made)
(20361 real changes made)
(11856 real changes made)
(2261 real changes made)
(5361 real changes made)
file ../basic_extract/cps198509.dta saved
(150248 missing values generated)
(19899 real changes made)
(44282 real changes made)
(20532 real changes made)
(11735 real changes made)
(2303 real changes made)
(5486 real changes made)
file ../basic_extract/cps198510.dta saved
(150476 missing values generated)
(19953 real changes made)
(44345 real changes made)
(20576 real changes made)
(11779 real changes made)
(2247 real changes made)
(5483 real changes made)
file ../basic_extract/cps198511.dta saved
(150240 missing values generated)
(19792 real changes made)
(44044 real changes made)
(20485 real changes made)
(11719 real changes made)
(2251 real changes made)
(5477 real changes made)
file ../basic_extract/cps198512.dta saved
1986
(149083 missing values generated)
(19745 real changes made)
(43449 real changes made)
(20150 real changes made)
(11612 real changes made)
(2242 real changes made)
(5358 real changes made)
file ../basic_extract/cps198601.dta saved
(149425 missing values generated)
(19606 real changes made)
(43558 real changes made)
(20184 real changes made)
(11566 real changes made)
(2280 real changes made)
(5477 real changes made)
file ../basic_extract/cps198602.dta saved
(120847 missing values generated)
(19074 real changes made)
(42797 real changes made)
(19891 real changes made)
(11563 real changes made)
(2241 real changes made)
(5432 real changes made)
file ../basic_extract/cps198603.dta saved
(148500 missing values generated)
(19260 real changes made)
(43135 real changes made)
(20017 real changes made)
(11596 real changes made)
(2237 real changes made)
(5500 real changes made)
file ../basic_extract/cps198604.dta saved
(148728 missing values generated)
(19327 real changes made)
(42938 real changes made)
(20047 real changes made)
(11746 real changes made)
(2202 real changes made)
(5554 real changes made)
file ../basic_extract/cps198605.dta saved
(149335 missing values generated)
(19445 real changes made)
(43196 real changes made)
(20196 real changes made)
(11907 real changes made)
(2122 real changes made)
(5551 real changes made)
file ../basic_extract/cps198606.dta saved
(147215 missing values generated)
(19303 real changes made)
(42858 real changes made)
(19962 real changes made)
(11591 real changes made)
(2138 real changes made)
(5439 real changes made)
file ../basic_extract/cps198607.dta saved
(147366 missing values generated)
(19197 real changes made)
(43014 real changes made)
(20026 real changes made)
(11797 real changes made)
(2159 real changes made)
(5485 real changes made)
file ../basic_extract/cps198608.dta saved
(147986 missing values generated)
(19084 real changes made)
(43361 real changes made)
(20240 real changes made)
(11918 real changes made)
(2213 real changes made)
(5542 real changes made)
file ../basic_extract/cps198609.dta saved
(148339 missing values generated)
(19017 real changes made)
(43304 real changes made)
(20426 real changes made)
(11876 real changes made)
(2285 real changes made)
(5586 real changes made)
file ../basic_extract/cps198610.dta saved
(148033 missing values generated)
(18949 real changes made)
(43018 real changes made)
(20508 real changes made)
(11861 real changes made)
(2233 real changes made)
(5576 real changes made)
file ../basic_extract/cps198611.dta saved
(147590 missing values generated)
(18955 real changes made)
(42662 real changes made)
(20335 real changes made)
(11626 real changes made)
(2205 real changes made)
(5540 real changes made)
file ../basic_extract/cps198612.dta saved
1987
(147558 missing values generated)
(18956 real changes made)
(42795 real changes made)
(20029 real changes made)
(11634 real changes made)
(2210 real changes made)
(5563 real changes made)
file ../basic_extract/cps198701.dta saved
(147009 missing values generated)
(18737 real changes made)
(42668 real changes made)
(19968 real changes made)
(11628 real changes made)
(2232 real changes made)
(5619 real changes made)
file ../basic_extract/cps198702.dta saved
(120482 missing values generated)
(18627 real changes made)
(42265 real changes made)
(20042 real changes made)
(11609 real changes made)
(2198 real changes made)
(5629 real changes made)
file ../basic_extract/cps198703.dta saved
(148206 missing values generated)
(19023 real changes made)
(42594 real changes made)
(20249 real changes made)
(11760 real changes made)
(2213 real changes made)
(5573 real changes made)
file ../basic_extract/cps198704.dta saved
(147817 missing values generated)
(18906 real changes made)
(42255 real changes made)
(20497 real changes made)
(11853 real changes made)
(2176 real changes made)
(5621 real changes made)
file ../basic_extract/cps198705.dta saved
(148464 missing values generated)
(18910 real changes made)
(42685 real changes made)
(20464 real changes made)
(12109 real changes made)
(2132 real changes made)
(5627 real changes made)
file ../basic_extract/cps198706.dta saved
(148710 missing values generated)
(18942 real changes made)
(42767 real changes made)
(20527 real changes made)
(12128 real changes made)
(2152 real changes made)
(5632 real changes made)
file ../basic_extract/cps198707.dta saved
(148627 missing values generated)
(18843 real changes made)
(43126 real changes made)
(20484 real changes made)
(12135 real changes made)
(2102 real changes made)
(5678 real changes made)
file ../basic_extract/cps198708.dta saved
(149622 missing values generated)
(18949 real changes made)
(43322 real changes made)
(20650 real changes made)
(12327 real changes made)
(2202 real changes made)
(5815 real changes made)
file ../basic_extract/cps198709.dta saved
(151015 missing values generated)
(18811 real changes made)
(43129 real changes made)
(20771 real changes made)
(11946 real changes made)
(2354 real changes made)
(5808 real changes made)
file ../basic_extract/cps198710.dta saved
(149281 missing values generated)
(18757 real changes made)
(43192 real changes made)
(20700 real changes made)
(11995 real changes made)
(2345 real changes made)
(5745 real changes made)
file ../basic_extract/cps198711.dta saved
(148649 missing values generated)
(18567 real changes made)
(43020 real changes made)
(20454 real changes made)
(11929 real changes made)
(2373 real changes made)
(5744 real changes made)
file ../basic_extract/cps198712.dta saved
1988
(148727 missing values generated)
(18562 real changes made)
(43033 real changes made)
(20253 real changes made)
(11968 real changes made)
(2302 real changes made)
(5755 real changes made)
file ../basic_extract/cps198801.dta saved
(148600 missing values generated)
(18606 real changes made)
(43030 real changes made)
(20070 real changes made)
(11955 real changes made)
(2265 real changes made)
(5820 real changes made)
file ../basic_extract/cps198802.dta saved
(148487 missing values generated)
(21517 real changes made)
(42724 real changes made)
(19955 real changes made)
(11821 real changes made)
(2182 real changes made)
(5956 real changes made)
file ../basic_extract/cps198803.dta saved
(139147 missing values generated)
(17561 real changes made)
(40228 real changes made)
(18781 real changes made)
(10938 real changes made)
(2089 real changes made)
(5436 real changes made)
file ../basic_extract/cps198804.dta saved
(138597 missing values generated)
(17355 real changes made)
(40094 real changes made)
(18986 real changes made)
(11051 real changes made)
(2077 real changes made)
(5376 real changes made)
file ../basic_extract/cps198805.dta saved
(139083 missing values generated)
(17174 real changes made)
(40284 real changes made)
(19069 real changes made)
(11214 real changes made)
(2071 real changes made)
(5394 real changes made)
file ../basic_extract/cps198806.dta saved
(140171 missing values generated)
(17301 real changes made)
(40621 real changes made)
(19301 real changes made)
(11402 real changes made)
(2138 real changes made)
(5546 real changes made)
file ../basic_extract/cps198807.dta saved
(139858 missing values generated)
(17258 real changes made)
(40464 real changes made)
(19199 real changes made)
(11392 real changes made)
(2083 real changes made)
(5494 real changes made)
file ../basic_extract/cps198808.dta saved
(140840 missing values generated)
(17415 real changes made)
(40535 real changes made)
(19317 real changes made)
(11562 real changes made)
(2134 real changes made)
(5645 real changes made)
file ../basic_extract/cps198809.dta saved
(141093 missing values generated)
(17413 real changes made)
(40768 real changes made)
(19741 real changes made)
(11422 real changes made)
(2132 real changes made)
(5609 real changes made)
file ../basic_extract/cps198810.dta saved
(140986 missing values generated)
(17286 real changes made)
(41003 real changes made)
(19719 real changes made)
(11452 real changes made)
(2163 real changes made)
(5504 real changes made)
file ../basic_extract/cps198811.dta saved
(141498 missing values generated)
(17429 real changes made)
(41162 real changes made)
(19567 real changes made)
(11530 real changes made)
(2180 real changes made)
(5514 real changes made)
file ../basic_extract/cps198812.dta saved
1989
(140684 missing values generated)
(17377 real changes made)
(41016 real changes made)
(19517 real changes made)
(11555 real changes made)
(2197 real changes made)
(5607 real changes made)
file ../basic_extract/cps198901.dta saved
(140195 missing values generated)
(17298 real changes made)
(40698 real changes made)
(19175 real changes made)
(11579 real changes made)
(2148 real changes made)
(5778 real changes made)
file ../basic_extract/cps198902.dta saved
(140461 missing values generated)
(16893 real changes made)
(40071 real changes made)
(18800 real changes made)
(11371 real changes made)
(2076 real changes made)
(5753 real changes made)
file ../basic_extract/cps198903.dta saved
(142635 missing values generated)
(17075 real changes made)
(40772 real changes made)
(19502 real changes made)
(11640 real changes made)
(2131 real changes made)
(5941 real changes made)
file ../basic_extract/cps198904.dta saved
(143975 missing values generated)
(17158 real changes made)
(41153 real changes made)
(19799 real changes made)
(11680 real changes made)
(2089 real changes made)
(5999 real changes made)
file ../basic_extract/cps198905.dta saved
(145128 missing values generated)
(16921 real changes made)
(41750 real changes made)
(20147 real changes made)
(11862 real changes made)
(2052 real changes made)
(6052 real changes made)
file ../basic_extract/cps198906.dta saved
(146681 missing values generated)
(16895 real changes made)
(42122 real changes made)
(20813 real changes made)
(11993 real changes made)
(2092 real changes made)
(6290 real changes made)
file ../basic_extract/cps198907.dta saved
(147344 missing values generated)
(17026 real changes made)
(42318 real changes made)
(20727 real changes made)
(12184 real changes made)
(2091 real changes made)
(6291 real changes made)
file ../basic_extract/cps198908.dta saved
(148676 missing values generated)
(17034 real changes made)
(42431 real changes made)
(21035 real changes made)
(12285 real changes made)
(2179 real changes made)
(6330 real changes made)
file ../basic_extract/cps198909.dta saved
(150327 missing values generated)
(17448 real changes made)
(42848 real changes made)
(21466 real changes made)
(12328 real changes made)
(2217 real changes made)
(6352 real changes made)
file ../basic_extract/cps198910.dta saved
(151576 missing values generated)
(17586 real changes made)
(43297 real changes made)
(21255 real changes made)
(12538 real changes made)
(2213 real changes made)
(6306 real changes made)
file ../basic_extract/cps198911.dta saved
(151943 missing values generated)
(17551 real changes made)
(43471 real changes made)
(21170 real changes made)
(12602 real changes made)
(2185 real changes made)
(6245 real changes made)
file ../basic_extract/cps198912.dta saved
1990
(151996 missing values generated)
(17631 real changes made)
(43361 real changes made)
(21146 real changes made)
(12780 real changes made)
(2176 real changes made)
(6319 real changes made)
file ../basic_extract/cps199001.dta saved
(151658 missing values generated)
(17745 real changes made)
(42984 real changes made)
(20960 real changes made)
(12856 real changes made)
(2188 real changes made)
(6391 real changes made)
file ../basic_extract/cps199002.dta saved
(151230 missing values generated)
(17621 real changes made)
(42479 real changes made)
(21096 real changes made)
(12811 real changes made)
(2192 real changes made)
(6387 real changes made)
file ../basic_extract/cps199003.dta saved
(151862 missing values generated)
(17743 real changes made)
(42752 real changes made)
(21317 real changes made)
(12951 real changes made)
(2220 real changes made)
(6471 real changes made)
file ../basic_extract/cps199004.dta saved
(152259 missing values generated)
(17795 real changes made)
(42778 real changes made)
(21472 real changes made)
(12913 real changes made)
(2199 real changes made)
(6474 real changes made)
file ../basic_extract/cps199005.dta saved
(152093 missing values generated)
(17262 real changes made)
(42994 real changes made)
(21387 real changes made)
(12847 real changes made)
(2175 real changes made)
(6418 real changes made)
file ../basic_extract/cps199006.dta saved
(152867 missing values generated)
(17326 real changes made)
(43486 real changes made)
(21683 real changes made)
(12881 real changes made)
(2149 real changes made)
(6546 real changes made)
file ../basic_extract/cps199007.dta saved
(152436 missing values generated)
(17378 real changes made)
(43564 real changes made)
(21499 real changes made)
(12760 real changes made)
(2209 real changes made)
(6546 real changes made)
file ../basic_extract/cps199008.dta saved
(152926 missing values generated)
(17542 real changes made)
(43759 real changes made)
(21637 real changes made)
(12798 real changes made)
(2242 real changes made)
(6579 real changes made)
file ../basic_extract/cps199009.dta saved
(152903 missing values generated)
(17579 real changes made)
(43575 real changes made)
(21936 real changes made)
(12792 real changes made)
(2260 real changes made)
(6497 real changes made)
file ../basic_extract/cps199010.dta saved
(152468 missing values generated)
(17508 real changes made)
(43636 real changes made)
(21718 real changes made)
(12845 real changes made)
(2281 real changes made)
(6440 real changes made)
file ../basic_extract/cps199011.dta saved
(152627 missing values generated)
(17530 real changes made)
(43711 real changes made)
(21706 real changes made)
(12806 real changes made)
(2293 real changes made)
(6424 real changes made)
file ../basic_extract/cps199012.dta saved
1991
(151698 missing values generated)
(17251 real changes made)
(43239 real changes made)
(21397 real changes made)
(12935 real changes made)
(2252 real changes made)
(6316 real changes made)
file ../basic_extract/cps199101.dta saved
(151416 missing values generated)
(17194 real changes made)
(42909 real changes made)
(21449 real changes made)
(12984 real changes made)
(2263 real changes made)
(6379 real changes made)
file ../basic_extract/cps199102.dta saved
(151239 missing values generated)
(17175 real changes made)
(42556 real changes made)
(21402 real changes made)
(12855 real changes made)
(2214 real changes made)
(6374 real changes made)
file ../basic_extract/cps199103.dta saved
(151193 missing values generated)
(17266 real changes made)
(42501 real changes made)
(21585 real changes made)
(13045 real changes made)
(2181 real changes made)
(6465 real changes made)
file ../basic_extract/cps199104.dta saved
(150854 missing values generated)
(17328 real changes made)
(42107 real changes made)
(21543 real changes made)
(13089 real changes made)
(2137 real changes made)
(6490 real changes made)
file ../basic_extract/cps199105.dta saved
(150637 missing values generated)
(17037 real changes made)
(42479 real changes made)
(21390 real changes made)
(13005 real changes made)
(2110 real changes made)
(6367 real changes made)
file ../basic_extract/cps199106.dta saved
(151327 missing values generated)
(16886 real changes made)
(42777 real changes made)
(21736 real changes made)
(12977 real changes made)
(2167 real changes made)
(6483 real changes made)
file ../basic_extract/cps199107.dta saved
(151688 missing values generated)
(16975 real changes made)
(42966 real changes made)
(21736 real changes made)
(13042 real changes made)
(2129 real changes made)
(6494 real changes made)
file ../basic_extract/cps199108.dta saved
(152026 missing values generated)
(17122 real changes made)
(43047 real changes made)
(21929 real changes made)
(13026 real changes made)
(2184 real changes made)
(6526 real changes made)
file ../basic_extract/cps199109.dta saved
(151258 missing values generated)
(16969 real changes made)
(42594 real changes made)
(22223 real changes made)
(13012 real changes made)
(2318 real changes made)
(6434 real changes made)
file ../basic_extract/cps199110.dta saved
(150686 missing values generated)
(16996 real changes made)
(42606 real changes made)
(22030 real changes made)
(13035 real changes made)
(2322 real changes made)
(6452 real changes made)
file ../basic_extract/cps199111.dta saved
(150403 missing values generated)
(17073 real changes made)
(42483 real changes made)
(22023 real changes made)
(13046 real changes made)
(2384 real changes made)
(6437 real changes made)
file ../basic_extract/cps199112.dta saved
1992
(150065 missing values generated)
(15318 real changes made)
(40517 real changes made)
(26042 real changes made)
(14235 real changes made)
(7028 real changes made)
file ../basic_extract/cps199201.dta saved
(150551 missing values generated)
(15399 real changes made)
(40583 real changes made)
(26238 real changes made)
(14303 real changes made)
(6928 real changes made)
file ../basic_extract/cps199202.dta saved
(149699 missing values generated)
(15213 real changes made)
(40166 real changes made)
(25926 real changes made)
(14066 real changes made)
(6816 real changes made)
file ../basic_extract/cps199203.dta saved
(149646 missing values generated)
(15105 real changes made)
(40355 real changes made)
(25958 real changes made)
(13969 real changes made)
(6811 real changes made)
file ../basic_extract/cps199204.dta saved
(150226 missing values generated)
(15150 real changes made)
(40515 real changes made)
(26013 real changes made)
(14255 real changes made)
(7007 real changes made)
file ../basic_extract/cps199205.dta saved
(149555 missing values generated)
(15122 real changes made)
(40381 real changes made)
(25817 real changes made)
(14213 real changes made)
(6956 real changes made)
file ../basic_extract/cps199206.dta saved
(150155 missing values generated)
(15112 real changes made)
(40708 real changes made)
(25971 real changes made)
(14282 real changes made)
(6968 real changes made)
file ../basic_extract/cps199207.dta saved
(150725 missing values generated)
(14998 real changes made)
(40880 real changes made)
(26053 real changes made)
(14405 real changes made)
(6981 real changes made)
file ../basic_extract/cps199208.dta saved
(150786 missing values generated)
(14924 real changes made)
(40618 real changes made)
(26388 real changes made)
(14400 real changes made)
(7011 real changes made)
file ../basic_extract/cps199209.dta saved
(150261 missing values generated)
(14896 real changes made)
(40078 real changes made)
(26691 real changes made)
(14389 real changes made)
(7171 real changes made)
file ../basic_extract/cps199210.dta saved
(149921 missing values generated)
(15011 real changes made)
(39987 real changes made)
(26697 real changes made)
(14366 real changes made)
(7173 real changes made)
file ../basic_extract/cps199211.dta saved
(149925 missing values generated)
(15114 real changes made)
(39794 real changes made)
(26720 real changes made)
(14376 real changes made)
(7130 real changes made)
file ../basic_extract/cps199212.dta saved
1993
(149087 missing values generated)
(14972 real changes made)
(39363 real changes made)
(26386 real changes made)
(14252 real changes made)
(7091 real changes made)
file ../basic_extract/cps199301.dta saved
(149580 missing values generated)
(14948 real changes made)
(39281 real changes made)
(26832 real changes made)
(14377 real changes made)
(7073 real changes made)
file ../basic_extract/cps199302.dta saved
(149323 missing values generated)
(14782 real changes made)
(39080 real changes made)
(26680 real changes made)
(14343 real changes made)
(6919 real changes made)
file ../basic_extract/cps199303.dta saved
(149389 missing values generated)
(14770 real changes made)
(39405 real changes made)
(26655 real changes made)
(14174 real changes made)
(6981 real changes made)
file ../basic_extract/cps199304.dta saved
(149053 missing values generated)
(14649 real changes made)
(39420 real changes made)
(26521 real changes made)
(14205 real changes made)
(7062 real changes made)
file ../basic_extract/cps199305.dta saved
(148596 missing values generated)
(14735 real changes made)
(39573 real changes made)
(26390 real changes made)
(14222 real changes made)
(6986 real changes made)
file ../basic_extract/cps199306.dta saved
(148326 missing values generated)
(14761 real changes made)
(39665 real changes made)
(26565 real changes made)
(14152 real changes made)
(7010 real changes made)
file ../basic_extract/cps199307.dta saved
(148101 missing values generated)
(14560 real changes made)
(39802 real changes made)
(26326 real changes made)
(14372 real changes made)
(7012 real changes made)
file ../basic_extract/cps199308.dta saved
(148677 missing values generated)
(14546 real changes made)
(39716 real changes made)
(26723 real changes made)
(14593 real changes made)
(6962 real changes made)
file ../basic_extract/cps199309.dta saved
(148537 missing values generated)
(14264 real changes made)
(39329 real changes made)
(26964 real changes made)
(14625 real changes made)
(7083 real changes made)
file ../basic_extract/cps199310.dta saved
(147996 missing values generated)
(14068 real changes made)
(39036 real changes made)
(26850 real changes made)
(14580 real changes made)
(7146 real changes made)
file ../basic_extract/cps199311.dta saved
(147870 missing values generated)
(14082 real changes made)
(38968 real changes made)
(26681 real changes made)
(14460 real changes made)
(7010 real changes made)
file ../basic_extract/cps199312.dta saved
1994
(147515 missing values generated)
(14279 real changes made)
(38059 real changes made)
(26394 real changes made)
(14197 real changes made)
(7014 real changes made)
file ../basic_extract/cps199401.dta saved
(147241 missing values generated)
(14285 real changes made)
(36722 real changes made)
(27289 real changes made)
(14182 real changes made)
(6926 real changes made)
file ../basic_extract/cps199402.dta saved
(146982 missing values generated)
(14302 real changes made)
(36511 real changes made)
(27023 real changes made)
(14228 real changes made)
(6831 real changes made)
file ../basic_extract/cps199403.dta saved
(146389 missing values generated)
(14360 real changes made)
(36833 real changes made)
(26970 real changes made)
(14454 real changes made)
(6986 real changes made)
file ../basic_extract/cps199404.dta saved
(145400 missing values generated)
(14286 real changes made)
(36874 real changes made)
(26547 real changes made)
(14439 real changes made)
(7054 real changes made)
file ../basic_extract/cps199405.dta saved
(144641 missing values generated)
(14280 real changes made)
(37264 real changes made)
(26141 real changes made)
(14487 real changes made)
(6914 real changes made)
file ../basic_extract/cps199406.dta saved
(144115 missing values generated)
(14016 real changes made)
(37269 real changes made)
(26728 real changes made)
(14503 real changes made)
(6916 real changes made)
file ../basic_extract/cps199407.dta saved
(143404 missing values generated)
(14227 real changes made)
(37153 real changes made)
(26205 real changes made)
(14361 real changes made)
(6835 real changes made)
file ../basic_extract/cps199408.dta saved
(143169 missing values generated)
(14187 real changes made)
(36815 real changes made)
(26313 real changes made)
(14471 real changes made)
(6767 real changes made)
file ../basic_extract/cps199409.dta saved
(144706 missing values generated)
(14330 real changes made)
(36518 real changes made)
(27234 real changes made)
(14623 real changes made)
(6881 real changes made)
file ../basic_extract/cps199410.dta saved
(145000 missing values generated)
(14406 real changes made)
(36553 real changes made)
(27010 real changes made)
(14610 real changes made)
(7039 real changes made)
file ../basic_extract/cps199411.dta saved
(144775 missing values generated)
(14301 real changes made)
(36529 real changes made)
(26691 real changes made)
(14621 real changes made)
(7013 real changes made)
file ../basic_extract/cps199412.dta saved
1995
(145693 missing values generated)
(14431 real changes made)
(36795 real changes made)
(26672 real changes made)
(14750 real changes made)
(7171 real changes made)
file ../basic_extract/cps199501.dta saved
(144929 missing values generated)
(14146 real changes made)
(35421 real changes made)
(27050 real changes made)
(14702 real changes made)
(7290 real changes made)
file ../basic_extract/cps199502.dta saved
(144633 missing values generated)
(14210 real changes made)
(35433 real changes made)
(26663 real changes made)
(14680 real changes made)
(7184 real changes made)
file ../basic_extract/cps199503.dta saved
(144595 missing values generated)
(14269 real changes made)
(35470 real changes made)
(26555 real changes made)
(14724 real changes made)
(7180 real changes made)
file ../basic_extract/cps199504.dta saved
(144892 missing values generated)
(14303 real changes made)
(35790 real changes made)
(26563 real changes made)
(14708 real changes made)
(7326 real changes made)
file ../basic_extract/cps199505.dta saved
(145623 missing values generated)
(14285 real changes made)
(36241 real changes made)
(26651 real changes made)
(15013 real changes made)
(7261 real changes made)
file ../basic_extract/cps199506.dta saved
(145831 missing values generated)
(14254 real changes made)
(36311 real changes made)
(27395 real changes made)
(14983 real changes made)
(7304 real changes made)
file ../basic_extract/cps199507.dta saved
(146240 missing values generated)
(14340 real changes made)
(36616 real changes made)
(27065 real changes made)
(15066 real changes made)
(7338 real changes made)
file ../basic_extract/cps199508.dta saved
(141216 missing values generated)
(13982 real changes made)
(35511 real changes made)
(25764 real changes made)
(14475 real changes made)
(6894 real changes made)
file ../basic_extract/cps199509.dta saved
(140493 missing values generated)
(13917 real changes made)
(34666 real changes made)
(26298 real changes made)
(14569 real changes made)
(6999 real changes made)
file ../basic_extract/cps199510.dta saved
(140339 missing values generated)
(14007 real changes made)
(34692 real changes made)
(25667 real changes made)
(14535 real changes made)
(6962 real changes made)
file ../basic_extract/cps199511.dta saved
(138945 missing values generated)
(13809 real changes made)
(34129 real changes made)
(25233 real changes made)
(14207 real changes made)
(6711 real changes made)
file ../basic_extract/cps199512.dta saved
1996
(125546 missing values generated)
(12459 real changes made)
(31015 real changes made)
(22959 real changes made)
(12949 real changes made)
(6187 real changes made)
file ../basic_extract/cps199601.dta saved
(125960 missing values generated)
(12473 real changes made)
(30584 real changes made)
(23165 real changes made)
(12949 real changes made)
(6133 real changes made)
file ../basic_extract/cps199602.dta saved
(125673 missing values generated)
(12547 real changes made)
(30572 real changes made)
(22930 real changes made)
(12903 real changes made)
(6088 real changes made)
file ../basic_extract/cps199603.dta saved
(126655 missing values generated)
(12688 real changes made)
(31027 real changes made)
(23137 real changes made)
(13149 real changes made)
(6202 real changes made)
file ../basic_extract/cps199604.dta saved
(126708 missing values generated)
(12536 real changes made)
(31037 real changes made)
(23106 real changes made)
(13145 real changes made)
(6245 real changes made)
file ../basic_extract/cps199605.dta saved
(127290 missing values generated)
(12586 real changes made)
(31224 real changes made)
(23558 real changes made)
(13325 real changes made)
(6198 real changes made)
file ../basic_extract/cps199606.dta saved
(127710 missing values generated)
(12512 real changes made)
(31454 real changes made)
(24041 real changes made)
(13367 real changes made)
(6245 real changes made)
file ../basic_extract/cps199607.dta saved
(127982 missing values generated)
(12781 real changes made)
(31771 real changes made)
(23783 real changes made)
(13352 real changes made)
(6313 real changes made)
file ../basic_extract/cps199608.dta saved
(128571 missing values generated)
(12961 real changes made)
(32123 real changes made)
(23618 real changes made)
(13471 real changes made)
(6233 real changes made)
file ../basic_extract/cps199609.dta saved
(128913 missing values generated)
(12858 real changes made)
(31893 real changes made)
(23962 real changes made)
(13526 real changes made)
(6276 real changes made)
file ../basic_extract/cps199610.dta saved
(129203 missing values generated)
(12948 real changes made)
(31861 real changes made)
(23754 real changes made)
(13564 real changes made)
(6469 real changes made)
file ../basic_extract/cps199611.dta saved
(129020 missing values generated)
(12970 real changes made)
(31899 real changes made)
(23714 real changes made)
(13385 real changes made)
(6478 real changes made)
file ../basic_extract/cps199612.dta saved
1997
(128000 missing values generated)
(12868 real changes made)
(31722 real changes made)
(23246 real changes made)
(13286 real changes made)
(6407 real changes made)
file ../basic_extract/cps199701.dta saved
(127210 missing values generated)
(12626 real changes made)
(31040 real changes made)
(23289 real changes made)
(13307 real changes made)
(6305 real changes made)
file ../basic_extract/cps199702.dta saved
(126806 missing values generated)
(12624 real changes made)
(31102 real changes made)
(23234 real changes made)
(13299 real changes made)
(6211 real changes made)
file ../basic_extract/cps199703.dta saved
(127304 missing values generated)
(12619 real changes made)
(31318 real changes made)
(23141 real changes made)
(13541 real changes made)
(6331 real changes made)
file ../basic_extract/cps199704.dta saved
(127863 missing values generated)
(12619 real changes made)
(31673 real changes made)
(23275 real changes made)
(13454 real changes made)
(6340 real changes made)
file ../basic_extract/cps199705.dta saved
(128311 missing values generated)
(12665 real changes made)
(31971 real changes made)
(23362 real changes made)
(13483 real changes made)
(6333 real changes made)
file ../basic_extract/cps199706.dta saved
(128207 missing values generated)
(12370 real changes made)
(31961 real changes made)
(23626 real changes made)
(13568 real changes made)
(6298 real changes made)
file ../basic_extract/cps199707.dta saved
(128727 missing values generated)
(12611 real changes made)
(32169 real changes made)
(23657 real changes made)
(13722 real changes made)
(6354 real changes made)
file ../basic_extract/cps199708.dta saved
(129344 missing values generated)
(12768 real changes made)
(32221 real changes made)
(23689 real changes made)
(13905 real changes made)
(6498 real changes made)
file ../basic_extract/cps199709.dta saved
(128976 missing values generated)
(12691 real changes made)
(31780 real changes made)
(24099 real changes made)
(13754 real changes made)
(6547 real changes made)
file ../basic_extract/cps199710.dta saved
(129039 missing values generated)
(12796 real changes made)
(31722 real changes made)
(24090 real changes made)
(13704 real changes made)
(6625 real changes made)
file ../basic_extract/cps199711.dta saved
(128259 missing values generated)
(12538 real changes made)
(31556 real changes made)
(23482 real changes made)
(13525 real changes made)
(6528 real changes made)
file ../basic_extract/cps199712.dta saved
1998
(128024 missing values generated)
(12528 real changes made)
(31576 real changes made)
(23506 real changes made)
(13824 real changes made)
(6516 real changes made)
file ../basic_extract/cps199801.dta saved
(127686 missing values generated)
(12161 real changes made)
(30895 real changes made)
(23868 real changes made)
(13785 real changes made)
(6463 real changes made)
file ../basic_extract/cps199802.dta saved
(127274 missing values generated)
(12109 real changes made)
(30979 real changes made)
(23404 real changes made)
(13661 real changes made)
(6329 real changes made)
file ../basic_extract/cps199803.dta saved
(127561 missing values generated)
(12377 real changes made)
(31172 real changes made)
(23586 real changes made)
(13820 real changes made)
(6451 real changes made)
file ../basic_extract/cps199804.dta saved
(128432 missing values generated)
(12590 real changes made)
(31635 real changes made)
(23513 real changes made)
(13788 real changes made)
(6586 real changes made)
file ../basic_extract/cps199805.dta saved
(128205 missing values generated)
(12576 real changes made)
(31769 real changes made)
(23335 real changes made)
(13873 real changes made)
(6639 real changes made)
file ../basic_extract/cps199806.dta saved
(128762 missing values generated)
(12385 real changes made)
(31943 real changes made)
(23768 real changes made)
(14037 real changes made)
(6758 real changes made)
file ../basic_extract/cps199807.dta saved
(128880 missing values generated)
(12461 real changes made)
(32089 real changes made)
(23437 real changes made)
(13941 real changes made)
(6844 real changes made)
file ../basic_extract/cps199808.dta saved
(129191 missing values generated)
(12499 real changes made)
(32048 real changes made)
(23449 real changes made)
(14092 real changes made)
(6885 real changes made)
file ../basic_extract/cps199809.dta saved
(129228 missing values generated)
(12451 real changes made)
(31704 real changes made)
(24060 real changes made)
(14022 real changes made)
(6875 real changes made)
file ../basic_extract/cps199810.dta saved
(129664 missing values generated)
(12624 real changes made)
(31660 real changes made)
(24186 real changes made)
(14040 real changes made)
(6985 real changes made)
file ../basic_extract/cps199811.dta saved
(129483 missing values generated)
(12411 real changes made)
(31519 real changes made)
(24086 real changes made)
(14088 real changes made)
(6847 real changes made)
file ../basic_extract/cps199812.dta saved
1999
(129336 missing values generated)
(12233 real changes made)
(31515 real changes made)
(23958 real changes made)
(14254 real changes made)
(6711 real changes made)
file ../basic_extract/cps199901.dta saved
(128665 missing values generated)
(12002 real changes made)
(30757 real changes made)
(24332 real changes made)
(14206 real changes made)
(6714 real changes made)
file ../basic_extract/cps199902.dta saved
(128167 missing values generated)
(12025 real changes made)
(30906 real changes made)
(23582 real changes made)
(14027 real changes made)
(6622 real changes made)
file ../basic_extract/cps199903.dta saved
(128202 missing values generated)
(12034 real changes made)
(31001 real changes made)
(23758 real changes made)
(14099 real changes made)
(6774 real changes made)
file ../basic_extract/cps199904.dta saved
(128138 missing values generated)
(12153 real changes made)
(31147 real changes made)
(23561 real changes made)
(14149 real changes made)
(6840 real changes made)
file ../basic_extract/cps199905.dta saved
(128887 missing values generated)
(12259 real changes made)
(31534 real changes made)
(23653 real changes made)
(14207 real changes made)
(6950 real changes made)
file ../basic_extract/cps199906.dta saved
(129408 missing values generated)
(12120 real changes made)
(31616 real changes made)
(24136 real changes made)
(14375 real changes made)
(6940 real changes made)
file ../basic_extract/cps199907.dta saved
(129983 missing values generated)
(12323 real changes made)
(31966 real changes made)
(24069 real changes made)
(14383 real changes made)
(7089 real changes made)
file ../basic_extract/cps199908.dta saved
(130334 missing values generated)
(12384 real changes made)
(32060 real changes made)
(24088 real changes made)
(14500 real changes made)
(7119 real changes made)
file ../basic_extract/cps199909.dta saved
(130387 missing values generated)
(12326 real changes made)
(31535 real changes made)
(24770 real changes made)
(14480 real changes made)
(7070 real changes made)
file ../basic_extract/cps199910.dta saved
(131390 missing values generated)
(12504 real changes made)
(31934 real changes made)
(24985 real changes made)
(14399 real changes made)
(7153 real changes made)
file ../basic_extract/cps199911.dta saved
(129973 missing values generated)
(12220 real changes made)
(31423 real changes made)
(24534 real changes made)
(14404 real changes made)
(7043 real changes made)
file ../basic_extract/cps199912.dta saved
2000
(130422 missing values generated)
(12228 real changes made)
(31661 real changes made)
(24510 real changes made)
(14617 real changes made)
(6989 real changes made)
file ../basic_extract/cps200001.dta saved
(128982 missing values generated)
(11946 real changes made)
(30814 real changes made)
(24786 real changes made)
(14493 real changes made)
(6962 real changes made)
file ../basic_extract/cps200002.dta saved
(127849 missing values generated)
(11860 real changes made)
(30963 real changes made)
(24140 real changes made)
(14109 real changes made)
(6835 real changes made)
file ../basic_extract/cps200003.dta saved
(128826 missing values generated)
(12062 real changes made)
(31354 real changes made)
(24171 real changes made)
(14254 real changes made)
(6817 real changes made)
file ../basic_extract/cps200004.dta saved
(128806 missing values generated)
(12171 real changes made)
(31165 real changes made)
(24052 real changes made)
(14300 real changes made)
(6898 real changes made)
file ../basic_extract/cps200005.dta saved
(128943 missing values generated)
(12272 real changes made)
(31250 real changes made)
(24008 real changes made)
(14310 real changes made)
(6862 real changes made)
file ../basic_extract/cps200006.dta saved
(129169 missing values generated)
(12137 real changes made)
(31270 real changes made)
(24338 real changes made)
(14548 real changes made)
(6889 real changes made)
file ../basic_extract/cps200007.dta saved
(128936 missing values generated)
(12158 real changes made)
(31280 real changes made)
(24337 real changes made)
(14519 real changes made)
(6952 real changes made)
file ../basic_extract/cps200008.dta saved
(128856 missing values generated)
(12108 real changes made)
(31311 real changes made)
(24111 real changes made)
(14501 real changes made)
(6995 real changes made)
file ../basic_extract/cps200009.dta saved
(129234 missing values generated)
(12015 real changes made)
(31018 real changes made)
(24652 real changes made)
(14562 real changes made)
(6962 real changes made)
file ../basic_extract/cps200010.dta saved
(128562 missing values generated)
(11953 real changes made)
(30785 real changes made)
(24449 real changes made)
(14300 real changes made)
(7021 real changes made)
file ../basic_extract/cps200011.dta saved
(127719 missing values generated)
(11842 real changes made)
(30912 real changes made)
(24274 real changes made)
(14281 real changes made)
(6995 real changes made)
file ../basic_extract/cps200012.dta saved
2001
(127029 missing values generated)
(11798 real changes made)
(30873 real changes made)
(23981 real changes made)
(14123 real changes made)
(6954 real changes made)
file ../basic_extract/cps200101.dta saved
(126115 missing values generated)
(11505 real changes made)
(29953 real changes made)
(24227 real changes made)
(14196 real changes made)
(6866 real changes made)
file ../basic_extract/cps200102.dta saved
(124425 missing values generated)
(11382 real changes made)
(29642 real changes made)
(23588 real changes made)
(13880 real changes made)
(6603 real changes made)
file ../basic_extract/cps200103.dta saved
(124840 missing values generated)
(11553 real changes made)
(29817 real changes made)
(23438 real changes made)
(14037 real changes made)
(6632 real changes made)
file ../basic_extract/cps200104.dta saved
(125472 missing values generated)
(11590 real changes made)
(30093 real changes made)
(23385 real changes made)
(14213 real changes made)
(6704 real changes made)
file ../basic_extract/cps200105.dta saved
(125299 missing values generated)
(11676 real changes made)
(30197 real changes made)
(23365 real changes made)
(14074 real changes made)
(6802 real changes made)
file ../basic_extract/cps200106.dta saved
(151837 missing values generated)
(13754 real changes made)
(36660 real changes made)
(28791 real changes made)
(17137 real changes made)
(8484 real changes made)
file ../basic_extract/cps200107.dta saved
(152404 missing values generated)
(13940 real changes made)
(36951 real changes made)
(28810 real changes made)
(17083 real changes made)
(8597 real changes made)
file ../basic_extract/cps200108.dta saved
(152349 missing values generated)
(13988 real changes made)
(36987 real changes made)
(28945 real changes made)
(17116 real changes made)
(8650 real changes made)
file ../basic_extract/cps200109.dta saved
(152355 missing values generated)
(14038 real changes made)
(36465 real changes made)
(29419 real changes made)
(17110 real changes made)
(8799 real changes made)
file ../basic_extract/cps200110.dta saved
(151732 missing values generated)
(13968 real changes made)
(36264 real changes made)
(29132 real changes made)
(17032 real changes made)
(8685 real changes made)
file ../basic_extract/cps200111.dta saved
(151272 missing values generated)
(13927 real changes made)
(36158 real changes made)
(28918 real changes made)
(16946 real changes made)
(8578 real changes made)
file ../basic_extract/cps200112.dta saved
2002
(151134 missing values generated)
(13987 real changes made)
(36257 real changes made)
(28488 real changes made)
(17098 real changes made)
(8509 real changes made)
file ../basic_extract/cps200201.dta saved
(150579 missing values generated)
(13621 real changes made)
(35502 real changes made)
(28548 real changes made)
(17199 real changes made)
(8474 real changes made)
file ../basic_extract/cps200202.dta saved
(149695 missing values generated)
(13517 real changes made)
(35425 real changes made)
(27825 real changes made)
(17172 real changes made)
(8285 real changes made)
file ../basic_extract/cps200203.dta saved
(150650 missing values generated)
(13595 real changes made)
(35941 real changes made)
(27976 real changes made)
(17587 real changes made)
(8395 real changes made)
file ../basic_extract/cps200204.dta saved
(151084 missing values generated)
(13519 real changes made)
(36055 real changes made)
(28034 real changes made)
(17708 real changes made)
(8450 real changes made)
file ../basic_extract/cps200205.dta saved
(151462 missing values generated)
(13520 real changes made)
(36349 real changes made)
(28149 real changes made)
(17636 real changes made)
(8541 real changes made)
file ../basic_extract/cps200206.dta saved
(152896 missing values generated)
(13655 real changes made)
(36677 real changes made)
(28889 real changes made)
(17780 real changes made)
(8664 real changes made)
file ../basic_extract/cps200207.dta saved
(152800 missing values generated)
(13748 real changes made)
(36718 real changes made)
(28768 real changes made)
(17795 real changes made)
(8709 real changes made)
file ../basic_extract/cps200208.dta saved
(153158 missing values generated)
(13795 real changes made)
(36994 real changes made)
(28848 real changes made)
(17749 real changes made)
(8857 real changes made)
file ../basic_extract/cps200209.dta saved
(153668 missing values generated)
(13795 real changes made)
(36600 real changes made)
(29477 real changes made)
(17576 real changes made)
(8840 real changes made)
file ../basic_extract/cps200210.dta saved
(153444 missing values generated)
(13766 real changes made)
(36812 real changes made)
(29496 real changes made)
(17473 real changes made)
(8697 real changes made)
file ../basic_extract/cps200211.dta saved
(153288 missing values generated)
(13830 real changes made)
(36566 real changes made)
(29242 real changes made)
(17406 real changes made)
(8756 real changes made)
file ../basic_extract/cps200212.dta saved
2003
(152732 missing values generated)
(13943 real changes made)
(36323 real changes made)
(28781 real changes made)
(17446 real changes made)
(8564 real changes made)
file ../basic_extract/cps200301.dta saved
(151808 missing values generated)
(13530 real changes made)
(35708 real changes made)
(28887 real changes made)
(17499 real changes made)
(8671 real changes made)
file ../basic_extract/cps200302.dta saved
(151709 missing values generated)
(13542 real changes made)
(35633 real changes made)
(28461 real changes made)
(17493 real changes made)
(8659 real changes made)
file ../basic_extract/cps200303.dta saved
(151874 missing values generated)
(13664 real changes made)
(35976 real changes made)
(28516 real changes made)
(17715 real changes made)
(8592 real changes made)
file ../basic_extract/cps200304.dta saved
(151566 missing values generated)
(13570 real changes made)
(35966 real changes made)
(28381 real changes made)
(17725 real changes made)
(8752 real changes made)
file ../basic_extract/cps200305.dta saved
(150780 missing values generated)
(13415 real changes made)
(35811 real changes made)
(28227 real changes made)
(17646 real changes made)
(8707 real changes made)
file ../basic_extract/cps200306.dta saved
(150852 missing values generated)
(13287 real changes made)
(36120 real changes made)
(28363 real changes made)
(17673 real changes made)
(8754 real changes made)
file ../basic_extract/cps200307.dta saved
(150514 missing values generated)
(13344 real changes made)
(36014 real changes made)
(28132 real changes made)
(17736 real changes made)
(8820 real changes made)
file ../basic_extract/cps200308.dta saved
(151188 missing values generated)
(13465 real changes made)
(36199 real changes made)
(28230 real changes made)
(17786 real changes made)
(8896 real changes made)
file ../basic_extract/cps200309.dta saved
(150812 missing values generated)
(13328 real changes made)
(35551 real changes made)
(28467 real changes made)
(17784 real changes made)
(8867 real changes made)
file ../basic_extract/cps200310.dta saved
(150748 missing values generated)
(13312 real changes made)
(35643 real changes made)
(28325 real changes made)
(17601 real changes made)
(8805 real changes made)
file ../basic_extract/cps200311.dta saved
(150753 missing values generated)
(13258 real changes made)
(35346 real changes made)
(28235 real changes made)
(17453 real changes made)
(8803 real changes made)
file ../basic_extract/cps200312.dta saved
2004
(150580 missing values generated)
(13356 real changes made)
(35424 real changes made)
(28039 real changes made)
(17492 real changes made)
(8752 real changes made)
file ../basic_extract/cps200401.dta saved
(151092 missing values generated)
(13310 real changes made)
(35150 real changes made)
(28734 real changes made)
(17434 real changes made)
(8870 real changes made)
file ../basic_extract/cps200402.dta saved
(149923 missing values generated)
(13128 real changes made)
(34700 real changes made)
(28229 real changes made)
(17251 real changes made)
(8779 real changes made)
file ../basic_extract/cps200403.dta saved
(148771 missing values generated)
(13044 real changes made)
(35000 real changes made)
(28206 real changes made)
(17340 real changes made)
(8668 real changes made)
file ../basic_extract/cps200404.dta saved
(148371 missing values generated)
(13105 real changes made)
(35100 real changes made)
(28117 real changes made)
(17406 real changes made)
(8688 real changes made)
file ../basic_extract/cps200405.dta saved
(147457 missing values generated)
(12942 real changes made)
(35113 real changes made)
(27923 real changes made)
(17377 real changes made)
(8573 real changes made)
file ../basic_extract/cps200406.dta saved
(146797 missing values generated)
(12617 real changes made)
(35128 real changes made)
(28018 real changes made)
(17376 real changes made)
(8527 real changes made)
file ../basic_extract/cps200407.dta saved
(148038 missing values generated)
(12928 real changes made)
(35506 real changes made)
(28066 real changes made)
(17428 real changes made)
(8738 real changes made)
file ../basic_extract/cps200408.dta saved
(148487 missing values generated)
(13073 real changes made)
(35419 real changes made)
(27975 real changes made)
(17501 real changes made)
(8799 real changes made)
file ../basic_extract/cps200409.dta saved
(149299 missing values generated)
(13147 real changes made)
(34996 real changes made)
(28774 real changes made)
(17795 real changes made)
(8975 real changes made)
file ../basic_extract/cps200410.dta saved
(150283 missing values generated)
(13259 real changes made)
(35310 real changes made)
(28848 real changes made)
(17789 real changes made)
(9018 real changes made)
file ../basic_extract/cps200411.dta saved
(149583 missing values generated)
(13195 real changes made)
(35053 real changes made)
(28409 real changes made)
(17510 real changes made)
(8956 real changes made)
file ../basic_extract/cps200412.dta saved
2005
(150275 missing values generated)
(13285 real changes made)
(35429 real changes made)
(28279 real changes made)
(17664 real changes made)
(8934 real changes made)
file ../basic_extract/cps200501.dta saved
(149489 missing values generated)
(13015 real changes made)
(34557 real changes made)
(28549 real changes made)
(17402 real changes made)
(8776 real changes made)
file ../basic_extract/cps200502.dta saved
(148156 missing values generated)
(12913 real changes made)
(34212 real changes made)
(28038 real changes made)
(17139 real changes made)
(8600 real changes made)
file ../basic_extract/cps200503.dta saved
(148325 missing values generated)
(13044 real changes made)
(34580 real changes made)
(28091 real changes made)
(17478 real changes made)
(8708 real changes made)
file ../basic_extract/cps200504.dta saved
(147989 missing values generated)
(13043 real changes made)
(34589 real changes made)
(28044 real changes made)
(17605 real changes made)
(8880 real changes made)
file ../basic_extract/cps200505.dta saved
(147489 missing values generated)
(12907 real changes made)
(34859 real changes made)
(28167 real changes made)
(17633 real changes made)
(8895 real changes made)
file ../basic_extract/cps200506.dta saved
(148005 missing values generated)
(12736 real changes made)
(35045 real changes made)
(28809 real changes made)
(17602 real changes made)
(9129 real changes made)
file ../basic_extract/cps200507.dta saved
(147692 missing values generated)
(12884 real changes made)
(35111 real changes made)
(28613 real changes made)
(17483 real changes made)
(9015 real changes made)
file ../basic_extract/cps200508.dta saved
(147237 missing values generated)
(12939 real changes made)
(34672 real changes made)
(28153 real changes made)
(17470 real changes made)
(8959 real changes made)
file ../basic_extract/cps200509.dta saved
(148113 missing values generated)
(13081 real changes made)
(34660 real changes made)
(28855 real changes made)
(17711 real changes made)
(9025 real changes made)
file ../basic_extract/cps200510.dta saved
(147691 missing values generated)
(13055 real changes made)
(34686 real changes made)
(28714 real changes made)
(17706 real changes made)
(8826 real changes made)
file ../basic_extract/cps200511.dta saved
(147118 missing values generated)
(12776 real changes made)
(34292 real changes made)
(28498 real changes made)
(17608 real changes made)
(8848 real changes made)
file ../basic_extract/cps200512.dta saved
2006
(147378 missing values generated)
(12767 real changes made)
(34530 real changes made)
(28393 real changes made)
(17561 real changes made)
(8808 real changes made)
file ../basic_extract/cps200601.dta saved
(147084 missing values generated)
(12603 real changes made)
(33747 real changes made)
(28828 real changes made)
(17374 real changes made)
(8916 real changes made)
file ../basic_extract/cps200602.dta saved
(146349 missing values generated)
(12545 real changes made)
(33711 real changes made)
(28002 real changes made)
(17260 real changes made)
(8797 real changes made)
file ../basic_extract/cps200603.dta saved
(147041 missing values generated)
(12781 real changes made)
(34163 real changes made)
(27940 real changes made)
(17480 real changes made)
(8995 real changes made)
file ../basic_extract/cps200604.dta saved
(146884 missing values generated)
(12848 real changes made)
(34210 real changes made)
(27637 real changes made)
(17498 real changes made)
(9083 real changes made)
file ../basic_extract/cps200605.dta saved
(147060 missing values generated)
(12590 real changes made)
(34461 real changes made)
(27634 real changes made)
(17668 real changes made)
(9079 real changes made)
file ../basic_extract/cps200606.dta saved
(147946 missing values generated)
(12422 real changes made)
(34653 real changes made)
(28615 real changes made)
(17927 real changes made)
(9251 real changes made)
file ../basic_extract/cps200607.dta saved
(148504 missing values generated)
(12829 real changes made)
(34983 real changes made)
(28448 real changes made)
(18016 real changes made)
(9305 real changes made)
file ../basic_extract/cps200608.dta saved
(147704 missing values generated)
(12703 real changes made)
(34602 real changes made)
(28233 real changes made)
(17883 real changes made)
(9215 real changes made)
file ../basic_extract/cps200609.dta saved
(147525 missing values generated)
(12639 real changes made)
(34205 real changes made)
(28643 real changes made)
(17901 real changes made)
(9308 real changes made)
file ../basic_extract/cps200610.dta saved
(147386 missing values generated)
(12662 real changes made)
(34292 real changes made)
(28413 real changes made)
(17872 real changes made)
(9286 real changes made)
file ../basic_extract/cps200611.dta saved
(147031 missing values generated)
(12392 real changes made)
(34144 real changes made)
(28176 real changes made)
(17823 real changes made)
(9186 real changes made)
file ../basic_extract/cps200612.dta saved
2007
(146320 missing values generated)
(12295 real changes made)
(34073 real changes made)
(27591 real changes made)
(17597 real changes made)
(9025 real changes made)
file ../basic_extract/cps200701.dta saved
(146398 missing values generated)
(12271 real changes made)
(33786 real changes made)
(27461 real changes made)
(17560 real changes made)
(8939 real changes made)
file ../basic_extract/cps200702.dta saved
(146382 missing values generated)
(12213 real changes made)
(33584 real changes made)
(27537 real changes made)
(17577 real changes made)
(8891 real changes made)
file ../basic_extract/cps200703.dta saved
(147533 missing values generated)
(12419 real changes made)
(33892 real changes made)
(28002 real changes made)
(17941 real changes made)
(9097 real changes made)
file ../basic_extract/cps200704.dta saved
(148001 missing values generated)
(12398 real changes made)
(33867 real changes made)
(28225 real changes made)
(18108 real changes made)
(9319 real changes made)
file ../basic_extract/cps200705.dta saved
(147728 missing values generated)
(12266 real changes made)
(34009 real changes made)
(28164 real changes made)
(18164 real changes made)
(9307 real changes made)
file ../basic_extract/cps200706.dta saved
(147687 missing values generated)
(11737 real changes made)
(34221 real changes made)
(28691 real changes made)
(18218 real changes made)
(9530 real changes made)
file ../basic_extract/cps200707.dta saved
(147269 missing values generated)
(12045 real changes made)
(34077 real changes made)
(28444 real changes made)
(18191 real changes made)
(9559 real changes made)
file ../basic_extract/cps200708.dta saved
(146823 missing values generated)
(12017 real changes made)
(34143 real changes made)
(28249 real changes made)
(18203 real changes made)
(9426 real changes made)
file ../basic_extract/cps200709.dta saved
(146238 missing values generated)
(11945 real changes made)
(33415 real changes made)
(28677 real changes made)
(18223 real changes made)
(9401 real changes made)
file ../basic_extract/cps200710.dta saved
(146359 missing values generated)
(12160 real changes made)
(33691 real changes made)
(28459 real changes made)
(18105 real changes made)
(9322 real changes made)
file ../basic_extract/cps200711.dta saved
(145971 missing values generated)
(12038 real changes made)
(33591 real changes made)
(28263 real changes made)
(17918 real changes made)
(9277 real changes made)
file ../basic_extract/cps200712.dta saved
2008
(146249 missing values generated)
(12193 real changes made)
(33551 real changes made)
(28350 real changes made)
(17858 real changes made)
(9334 real changes made)
file ../basic_extract/cps200801.dta saved
(146540 missing values generated)
(12034 real changes made)
(33107 real changes made)
(28662 real changes made)
(18149 real changes made)
(9473 real changes made)
file ../basic_extract/cps200802.dta saved
(145786 missing values generated)
(12009 real changes made)
(32910 real changes made)
(28250 real changes made)
(18027 real changes made)
(9368 real changes made)
file ../basic_extract/cps200803.dta saved
(146520 missing values generated)
(12224 real changes made)
(33201 real changes made)
(28437 real changes made)
(18131 real changes made)
(9506 real changes made)
file ../basic_extract/cps200804.dta saved
(146596 missing values generated)
(12080 real changes made)
(33521 real changes made)
(28333 real changes made)
(18293 real changes made)
(9447 real changes made)
file ../basic_extract/cps200805.dta saved
(146837 missing values generated)
(11897 real changes made)
(33770 real changes made)
(28554 real changes made)
(18272 real changes made)
(9516 real changes made)
file ../basic_extract/cps200806.dta saved
(147126 missing values generated)
(11473 real changes made)
(34227 real changes made)
(28639 real changes made)
(18503 real changes made)
(9615 real changes made)
file ../basic_extract/cps200807.dta saved
(146891 missing values generated)
(11675 real changes made)
(33984 real changes made)
(28589 real changes made)
(18638 real changes made)
(9567 real changes made)
file ../basic_extract/cps200808.dta saved
(146193 missing values generated)
(11641 real changes made)
(33746 real changes made)
(28406 real changes made)
(18357 real changes made)
(9405 real changes made)
file ../basic_extract/cps200809.dta saved
(145910 missing values generated)
(11657 real changes made)
(33163 real changes made)
(28727 real changes made)
(18407 real changes made)
(9459 real changes made)
file ../basic_extract/cps200810.dta saved
(145668 missing values generated)
(11684 real changes made)
(32932 real changes made)
(28590 real changes made)
(18180 real changes made)
(9352 real changes made)
file ../basic_extract/cps200811.dta saved
(144581 missing values generated)
(11476 real changes made)
(32758 real changes made)
(28107 real changes made)
(17877 real changes made)
(9334 real changes made)
file ../basic_extract/cps200812.dta saved
2009
(146301 missing values generated)
(11847 real changes made)
(33449 real changes made)
(28469 real changes made)
(18188 real changes made)
(9634 real changes made)
file ../basic_extract/cps200901.dta saved
(146880 missing values generated)
(11916 real changes made)
(33194 real changes made)
(29098 real changes made)
(18288 real changes made)
(9710 real changes made)
file ../basic_extract/cps200902.dta saved
(146746 missing values generated)
(12065 real changes made)
(33249 real changes made)
(28746 real changes made)
(18161 real changes made)
(9700 real changes made)
file ../basic_extract/cps200903.dta saved
(147936 missing values generated)
(12243 real changes made)
(33619 real changes made)
(29010 real changes made)
(18410 real changes made)
(9897 real changes made)
file ../basic_extract/cps200904.dta saved
(147464 missing values generated)
(12170 real changes made)
(33853 real changes made)
(28837 real changes made)
(18540 real changes made)
(9810 real changes made)
file ../basic_extract/cps200905.dta saved
(147585 missing values generated)
(11984 real changes made)
(34020 real changes made)
(28915 real changes made)
(18542 real changes made)
(9750 real changes made)
file ../basic_extract/cps200906.dta saved
(147740 missing values generated)
(11453 real changes made)
(34282 real changes made)
(29040 real changes made)
(18792 real changes made)
(9797 real changes made)
file ../basic_extract/cps200907.dta saved
(147645 missing values generated)
(11718 real changes made)
(34267 real changes made)
(28866 real changes made)
(18913 real changes made)
(9705 real changes made)
file ../basic_extract/cps200908.dta saved
(147340 missing values generated)
(11588 real changes made)
(34013 real changes made)
(28899 real changes made)
(18706 real changes made)
(9671 real changes made)
file ../basic_extract/cps200909.dta saved
(147291 missing values generated)
(11626 real changes made)
(33408 real changes made)
(29129 real changes made)
(18762 real changes made)
(9770 real changes made)
file ../basic_extract/cps200910.dta saved
(147606 missing values generated)
(11765 real changes made)
(33664 real changes made)
(29240 real changes made)
(18741 real changes made)
(9759 real changes made)
file ../basic_extract/cps200911.dta saved
(147146 missing values generated)
(11663 real changes made)
(33224 real changes made)
(28928 real changes made)
(18612 real changes made)
(9746 real changes made)
file ../basic_extract/cps200912.dta saved
2010
(147561 missing values generated)
(11821 real changes made)
(33480 real changes made)
(28819 real changes made)
(18829 real changes made)
(9852 real changes made)
file ../basic_extract/cps201001.dta saved
(148207 missing values generated)
(11629 real changes made)
(33778 real changes made)
(29394 real changes made)
(18856 real changes made)
(9865 real changes made)
file ../basic_extract/cps201002.dta saved
(147690 missing values generated)
(11724 real changes made)
(33595 real changes made)
(28905 real changes made)
(18619 real changes made)
(9813 real changes made)
file ../basic_extract/cps201003.dta saved
(148572 missing values generated)
(12058 real changes made)
(34093 real changes made)
(29071 real changes made)
(18658 real changes made)
(9985 real changes made)
file ../basic_extract/cps201004.dta saved
(148274 missing values generated)
(11989 real changes made)
(33939 real changes made)
(28880 real changes made)
(18622 real changes made)
(9835 real changes made)
file ../basic_extract/cps201005.dta saved
(148113 missing values generated)
(11701 real changes made)
(33876 real changes made)
(28723 real changes made)
(18747 real changes made)
(9907 real changes made)
file ../basic_extract/cps201006.dta saved
(148807 missing values generated)
(11473 real changes made)
(34192 real changes made)
(29054 real changes made)
(18954 real changes made)
(9963 real changes made)
file ../basic_extract/cps201007.dta saved
(148548 missing values generated)
(11562 real changes made)
(33983 real changes made)
(29092 real changes made)
(18981 real changes made)
(9913 real changes made)
file ../basic_extract/cps201008.dta saved
(147768 missing values generated)
(11479 real changes made)
(33484 real changes made)
(28993 real changes made)
(18918 real changes made)
(9988 real changes made)
file ../basic_extract/cps201009.dta saved
(147735 missing values generated)
(11395 real changes made)
(33320 real changes made)
(29388 real changes made)
(18856 real changes made)
(10027 real changes made)
file ../basic_extract/cps201010.dta saved
(147158 missing values generated)
(11393 real changes made)
(33237 real changes made)
(29179 real changes made)
(18668 real changes made)
(10013 real changes made)
file ../basic_extract/cps201011.dta saved
(147369 missing values generated)
(11427 real changes made)
(33534 real changes made)
(28981 real changes made)
(18659 real changes made)
(10010 real changes made)
file ../basic_extract/cps201012.dta saved
2011
(146960 missing values generated)
(11357 real changes made)
(33516 real changes made)
(28818 real changes made)
(18770 real changes made)
(10095 real changes made)
file ../basic_extract/cps201101.dta saved
(146192 missing values generated)
(11141 real changes made)
(32957 real changes made)
(29022 real changes made)
(18681 real changes made)
(10066 real changes made)
file ../basic_extract/cps201102.dta saved
(145309 missing values generated)
(11177 real changes made)
(32512 real changes made)
(28539 real changes made)
(18646 real changes made)
(10042 real changes made)
file ../basic_extract/cps201103.dta saved
(146029 missing values generated)
(11226 real changes made)
(32999 real changes made)
(28755 real changes made)
(18804 real changes made)
(10040 real changes made)
file ../basic_extract/cps201104.dta saved
(146947 missing values generated)
(11321 real changes made)
(33334 real changes made)
(29034 real changes made)
(18819 real changes made)
(10076 real changes made)
file ../basic_extract/cps201105.dta saved
(146898 missing values generated)
(11320 real changes made)
(33221 real changes made)
(28629 real changes made)
(18775 real changes made)
(10120 real changes made)
file ../basic_extract/cps201106.dta saved
(147804 missing values generated)
(11078 real changes made)
(33632 real changes made)
(29063 real changes made)
(18789 real changes made)
(10163 real changes made)
file ../basic_extract/cps201107.dta saved
(147932 missing values generated)
(11226 real changes made)
(33520 real changes made)
(29022 real changes made)
(18796 real changes made)
(10243 real changes made)
file ../basic_extract/cps201108.dta saved

. 
. log close
      name:  <unnamed>
       log:  /data/uctprgu/cps/program/log_match_edu.log
  log type:  text
 closed on:  29 May 2012, 09:59:58
------------------------------------------------------------------------------------------------
